[ INFO ] [2016-07-27 17:32:41] demo.Appboot [48] - Starting Appboot on 20160628-160009 with PID 3584 (E:\ideaworkspace\springboot-mybatis\target\classes started by Administrator in E:\ideaworkspace\springboot-mybatis)
[ INFO ] [2016-07-27 17:32:41] demo.Appboot [666] - No active profile set, falling back to default profiles: default
[ INFO ] [2016-07-27 17:32:42] org.springframework.boot.context.embedded.AnnotationConfigEmbeddedWebApplicationContext [578] - Refreshing org.springframework.boot.context.embedded.AnnotationConfigEmbeddedWebApplicationContext@1e730495: startup date [Wed Jul 27 17:32:42 CST 2016]; root of context hierarchy
[ INFO ] [2016-07-27 17:32:42] org.hibernate.validator.internal.util.Version [30] - HV000001: Hibernate Validator 5.2.4.Final
[ INFO ] [2016-07-27 17:32:43] org.springframework.beans.factory.support.DefaultListableBeanFactory [839] - Overriding bean definition for bean 'beanNameViewResolver' with a different definition: replacing [Root bean: class [null]; scope=; abstract=false; lazyInit=false; autowireMode=3; dependencyCheck=0; autowireCandidate=true; primary=false; factoryBeanName=org.springframework.boot.autoconfigure.web.ErrorMvcAutoConfiguration$WhitelabelErrorViewConfiguration; factoryMethodName=beanNameViewResolver; initMethodName=null; destroyMethodName=(inferred); defined in class path resource [org/springframework/boot/autoconfigure/web/ErrorMvcAutoConfiguration$WhitelabelErrorViewConfiguration.class]] with [Root bean: class [null]; scope=; abstract=false; lazyInit=false; autowireMode=3; dependencyCheck=0; autowireCandidate=true; primary=false; factoryBeanName=org.springframework.boot.autoconfigure.web.WebMvcAutoConfiguration$WebMvcAutoConfigurationAdapter; factoryMethodName=beanNameViewResolver; initMethodName=null; destroyMethodName=(inferred); defined in class path resource [org/springframework/boot/autoconfigure/web/WebMvcAutoConfiguration$WebMvcAutoConfigurationAdapter.class]]
[ INFO ] [2016-07-27 17:32:44] org.springframework.context.support.PostProcessorRegistrationDelegate$BeanPostProcessorChecker [328] - Bean 'myBatisConfig' of type [class demo.config.MyBatisConfig$$EnhancerBySpringCGLIB$$6df836ad] is not eligible for getting processed by all BeanPostProcessors (for example: not eligible for auto-proxying)
[ INFO ] [2016-07-27 17:32:45] org.springframework.context.support.PostProcessorRegistrationDelegate$BeanPostProcessorChecker [328] - Bean 'druidDataSource' of type [class com.alibaba.druid.pool.DruidDataSource] is not eligible for getting processed by all BeanPostProcessors (for example: not eligible for auto-proxying)
[ INFO ] [2016-07-27 17:32:45] org.springframework.context.support.PostProcessorRegistrationDelegate$BeanPostProcessorChecker [328] - Bean 'sqlSessionFactory' of type [class org.apache.ibatis.session.defaults.DefaultSqlSessionFactory] is not eligible for getting processed by all BeanPostProcessors (for example: not eligible for auto-proxying)
[ INFO ] [2016-07-27 17:32:45] org.springframework.context.support.PostProcessorRegistrationDelegate$BeanPostProcessorChecker [328] - Bean 'userMapper' of type [class org.mybatis.spring.mapper.MapperFactoryBean] is not eligible for getting processed by all BeanPostProcessors (for example: not eligible for auto-proxying)
[ INFO ] [2016-07-27 17:32:45] org.springframework.context.support.PostProcessorRegistrationDelegate$BeanPostProcessorChecker [328] - Bean 'org.springframework.transaction.annotation.ProxyTransactionManagementConfiguration' of type [class org.springframework.transaction.annotation.ProxyTransactionManagementConfiguration$$EnhancerBySpringCGLIB$$29ace3b4] is not eligible for getting processed by all BeanPostProcessors (for example: not eligible for auto-proxying)
[ INFO ] [2016-07-27 17:32:46] org.springframework.boot.context.embedded.tomcat.TomcatEmbeddedServletContainer [81] - Tomcat initialized with port(s): 8080 (http)
[ INFO ] [2016-07-27 17:32:46] org.apache.catalina.core.StandardService [180] - Starting service Tomcat
[ INFO ] [2016-07-27 17:32:46] org.apache.catalina.core.StandardEngine [180] - Starting Servlet Engine: Apache Tomcat/8.0.32
[ INFO ] [2016-07-27 17:32:46] org.apache.catalina.core.ContainerBase.[Tomcat].[localhost].[/] [180] - Initializing Spring embedded WebApplicationContext
[ INFO ] [2016-07-27 17:32:46] org.springframework.web.context.ContextLoader [272] - Root WebApplicationContext: initialization completed in 4120 ms
[ INFO ] [2016-07-27 17:32:46] org.springframework.boot.context.embedded.ServletRegistrationBean [189] - Mapping servlet: 'dispatcherServlet' to [/]
[ INFO ] [2016-07-27 17:32:46] org.springframework.boot.context.embedded.FilterRegistrationBean [258] - Mapping filter: 'metricFilter' to: [/*]
[ INFO ] [2016-07-27 17:32:46] org.springframework.boot.context.embedded.FilterRegistrationBean [258] - Mapping filter: 'characterEncodingFilter' to: [/*]
[ INFO ] [2016-07-27 17:32:46] org.springframework.boot.context.embedded.FilterRegistrationBean [258] - Mapping filter: 'hiddenHttpMethodFilter' to: [/*]
[ INFO ] [2016-07-27 17:32:46] org.springframework.boot.context.embedded.FilterRegistrationBean [258] - Mapping filter: 'httpPutFormContentFilter' to: [/*]
[ INFO ] [2016-07-27 17:32:46] org.springframework.boot.context.embedded.FilterRegistrationBean [258] - Mapping filter: 'requestContextFilter' to: [/*]
[ INFO ] [2016-07-27 17:32:46] org.springframework.boot.context.embedded.FilterRegistrationBean [258] - Mapping filter: 'webRequestLoggingFilter' to: [/*]
[ INFO ] [2016-07-27 17:32:46] org.springframework.boot.context.embedded.FilterRegistrationBean [258] - Mapping filter: 'applicationContextIdFilter' to: [/*]
[ INFO ] [2016-07-27 17:32:47] org.springframework.web.servlet.mvc.method.annotation.RequestMappingHandlerAdapter [532] - Looking for @ControllerAdvice: org.springframework.boot.context.embedded.AnnotationConfigEmbeddedWebApplicationContext@1e730495: startup date [Wed Jul 27 17:32:42 CST 2016]; root of context hierarchy
[ INFO ] [2016-07-27 17:32:47] org.springframework.web.servlet.mvc.method.annotation.RequestMappingHandlerMapping [534] - Mapped "{[/]}" onto public java.lang.String demo.controller.HelloController.hello()
[ INFO ] [2016-07-27 17:32:47] org.springframework.web.servlet.mvc.method.annotation.RequestMappingHandlerMapping [534] - Mapped "{[/hello/{name}]}" onto public java.lang.String demo.controller.HelloController.hello(java.lang.String,org.springframework.ui.Model)
[ INFO ] [2016-07-27 17:32:47] org.springframework.web.servlet.mvc.method.annotation.RequestMappingHandlerMapping [534] - Mapped "{[/userinfo]}" onto public demo.entity.User demo.controller.UserController.getUserInfo(int)
[ INFO ] [2016-07-27 17:32:47] org.springframework.web.servlet.mvc.method.annotation.RequestMappingHandlerMapping [534] - Mapped "{[/alluser]}" onto public demo.entity.User[] demo.controller.UserController.getAllUser()
[ INFO ] [2016-07-27 17:32:47] org.springframework.web.servlet.mvc.method.annotation.RequestMappingHandlerMapping [534] - Mapped "{[/errorLog]}" onto public java.lang.String demo.controller.UserController.writeError()
[ INFO ] [2016-07-27 17:32:47] org.springframework.web.servlet.mvc.method.annotation.RequestMappingHandlerMapping [534] - Mapped "{[/addUser]}" onto public void demo.controller.UserController.addUser(java.lang.String,java.lang.String)
[ INFO ] [2016-07-27 17:32:47] org.springframework.web.servlet.mvc.method.annotation.RequestMappingHandlerMapping [534] - Mapped "{[/getBean/{beanName}]}" onto public java.lang.String demo.controller.UserController.getBean(java.lang.String)
[ INFO ] [2016-07-27 17:32:47] org.springframework.web.servlet.mvc.method.annotation.RequestMappingHandlerMapping [534] - Mapped "{[/error]}" onto public org.springframework.http.ResponseEntity<java.util.Map<java.lang.String, java.lang.Object>> org.springframework.boot.autoconfigure.web.BasicErrorController.error(javax.servlet.http.HttpServletRequest)
[ INFO ] [2016-07-27 17:32:47] org.springframework.web.servlet.mvc.method.annotation.RequestMappingHandlerMapping [534] - Mapped "{[/error],produces=[text/html]}" onto public org.springframework.web.servlet.ModelAndView org.springframework.boot.autoconfigure.web.BasicErrorController.errorHtml(javax.servlet.http.HttpServletRequest,javax.servlet.http.HttpServletResponse)
[ INFO ] [2016-07-27 17:32:47] org.springframework.web.servlet.handler.SimpleUrlHandlerMapping [341] - Mapped URL path [/webjars/**] onto handler of type [class org.springframework.web.servlet.resource.ResourceHttpRequestHandler]
[ INFO ] [2016-07-27 17:32:47] org.springframework.web.servlet.handler.SimpleUrlHandlerMapping [341] - Mapped URL path [/**] onto handler of type [class org.springframework.web.servlet.resource.ResourceHttpRequestHandler]
[ INFO ] [2016-07-27 17:32:47] org.springframework.web.servlet.handler.SimpleUrlHandlerMapping [341] - Mapped URL path [/**/favicon.ico] onto handler of type [class org.springframework.web.servlet.resource.ResourceHttpRequestHandler]
[ INFO ] [2016-07-27 17:32:49] org.springframework.boot.actuate.endpoint.mvc.EndpointHandlerMapping [534] - Mapped "{[/env/{name:.*}],methods=[GET],produces=[application/json]}" onto public java.lang.Object org.springframework.boot.actuate.endpoint.mvc.EnvironmentMvcEndpoint.value(java.lang.String)
[ INFO ] [2016-07-27 17:32:49] org.springframework.boot.actuate.endpoint.mvc.EndpointHandlerMapping [534] - Mapped "{[/env || /env.json],methods=[GET],produces=[application/json]}" onto public java.lang.Object org.springframework.boot.actuate.endpoint.mvc.EndpointMvcAdapter.invoke()
[ INFO ] [2016-07-27 17:32:49] org.springframework.boot.actuate.endpoint.mvc.EndpointHandlerMapping [534] - Mapped "{[/autoconfig || /autoconfig.json],methods=[GET],produces=[application/json]}" onto public java.lang.Object org.springframework.boot.actuate.endpoint.mvc.EndpointMvcAdapter.invoke()
[ INFO ] [2016-07-27 17:32:49] org.springframework.boot.actuate.endpoint.mvc.EndpointHandlerMapping [534] - Mapped "{[/metrics/{name:.*}],methods=[GET],produces=[application/json]}" onto public java.lang.Object org.springframework.boot.actuate.endpoint.mvc.MetricsMvcEndpoint.value(java.lang.String)
[ INFO ] [2016-07-27 17:32:49] org.springframework.boot.actuate.endpoint.mvc.EndpointHandlerMapping [534] - Mapped "{[/metrics || /metrics.json],methods=[GET],produces=[application/json]}" onto public java.lang.Object org.springframework.boot.actuate.endpoint.mvc.EndpointMvcAdapter.invoke()
[ INFO ] [2016-07-27 17:32:49] org.springframework.boot.actuate.endpoint.mvc.EndpointHandlerMapping [534] - Mapped "{[/trace || /trace.json],methods=[GET],produces=[application/json]}" onto public java.lang.Object org.springframework.boot.actuate.endpoint.mvc.EndpointMvcAdapter.invoke()
[ INFO ] [2016-07-27 17:32:49] org.springframework.boot.actuate.endpoint.mvc.EndpointHandlerMapping [534] - Mapped "{[/beans || /beans.json],methods=[GET],produces=[application/json]}" onto public java.lang.Object org.springframework.boot.actuate.endpoint.mvc.EndpointMvcAdapter.invoke()
[ INFO ] [2016-07-27 17:32:49] org.springframework.boot.actuate.endpoint.mvc.EndpointHandlerMapping [534] - Mapped "{[/info || /info.json],methods=[GET],produces=[application/json]}" onto public java.lang.Object org.springframework.boot.actuate.endpoint.mvc.EndpointMvcAdapter.invoke()
[ INFO ] [2016-07-27 17:32:49] org.springframework.boot.actuate.endpoint.mvc.EndpointHandlerMapping [534] - Mapped "{[/configprops || /configprops.json],methods=[GET],produces=[application/json]}" onto public java.lang.Object org.springframework.boot.actuate.endpoint.mvc.EndpointMvcAdapter.invoke()
[ INFO ] [2016-07-27 17:32:49] org.springframework.boot.actuate.endpoint.mvc.EndpointHandlerMapping [534] - Mapped "{[/mappings || /mappings.json],methods=[GET],produces=[application/json]}" onto public java.lang.Object org.springframework.boot.actuate.endpoint.mvc.EndpointMvcAdapter.invoke()
[ INFO ] [2016-07-27 17:32:49] org.springframework.boot.actuate.endpoint.mvc.EndpointHandlerMapping [534] - Mapped "{[/health || /health.json],produces=[application/json]}" onto public java.lang.Object org.springframework.boot.actuate.endpoint.mvc.HealthMvcEndpoint.invoke(java.security.Principal)
[ INFO ] [2016-07-27 17:32:49] org.springframework.boot.actuate.endpoint.mvc.EndpointHandlerMapping [534] - Mapped "{[/dump || /dump.json],methods=[GET],produces=[application/json]}" onto public java.lang.Object org.springframework.boot.actuate.endpoint.mvc.EndpointMvcAdapter.invoke()
[ INFO ] [2016-07-27 17:32:49] org.springframework.jmx.export.annotation.AnnotationMBeanExporter [431] - Registering beans for JMX exposure on startup
[ INFO ] [2016-07-27 17:32:49] org.springframework.jmx.export.annotation.AnnotationMBeanExporter [912] - Bean with name 'druidDataSource' has been autodetected for JMX exposure
[ INFO ] [2016-07-27 17:32:49] org.springframework.jmx.export.annotation.AnnotationMBeanExporter [667] - Located MBean 'druidDataSource': registering with JMX server as MBean [com.alibaba.druid.pool:name=druidDataSource,type=DruidDataSource]
[ INFO ] [2016-07-27 17:32:49] org.springframework.boot.actuate.endpoint.jmx.EndpointMBeanExporter [431] - Registering beans for JMX exposure on startup
[ INFO ] [2016-07-27 17:32:49] org.springframework.context.support.DefaultLifecycleProcessor [341] - Starting beans in phase 0
[ INFO ] [2016-07-27 17:32:49] org.springframework.boot.actuate.endpoint.jmx.EndpointMBeanExporter [674] - Located managed bean 'requestMappingEndpoint': registering with JMX server as MBean [org.springframework.boot:type=Endpoint,name=requestMappingEndpoint]
[ INFO ] [2016-07-27 17:32:49] org.springframework.boot.actuate.endpoint.jmx.EndpointMBeanExporter [674] - Located managed bean 'environmentEndpoint': registering with JMX server as MBean [org.springframework.boot:type=Endpoint,name=environmentEndpoint]
[ INFO ] [2016-07-27 17:32:49] org.springframework.boot.actuate.endpoint.jmx.EndpointMBeanExporter [674] - Located managed bean 'healthEndpoint': registering with JMX server as MBean [org.springframework.boot:type=Endpoint,name=healthEndpoint]
[ INFO ] [2016-07-27 17:32:49] org.springframework.boot.actuate.endpoint.jmx.EndpointMBeanExporter [674] - Located managed bean 'beansEndpoint': registering with JMX server as MBean [org.springframework.boot:type=Endpoint,name=beansEndpoint]
[ INFO ] [2016-07-27 17:32:49] org.springframework.boot.actuate.endpoint.jmx.EndpointMBeanExporter [674] - Located managed bean 'infoEndpoint': registering with JMX server as MBean [org.springframework.boot:type=Endpoint,name=infoEndpoint]
[ INFO ] [2016-07-27 17:32:49] org.springframework.boot.actuate.endpoint.jmx.EndpointMBeanExporter [674] - Located managed bean 'metricsEndpoint': registering with JMX server as MBean [org.springframework.boot:type=Endpoint,name=metricsEndpoint]
[ INFO ] [2016-07-27 17:32:49] org.springframework.boot.actuate.endpoint.jmx.EndpointMBeanExporter [674] - Located managed bean 'traceEndpoint': registering with JMX server as MBean [org.springframework.boot:type=Endpoint,name=traceEndpoint]
[ INFO ] [2016-07-27 17:32:49] org.springframework.boot.actuate.endpoint.jmx.EndpointMBeanExporter [674] - Located managed bean 'dumpEndpoint': registering with JMX server as MBean [org.springframework.boot:type=Endpoint,name=dumpEndpoint]
[ INFO ] [2016-07-27 17:32:49] org.springframework.boot.actuate.endpoint.jmx.EndpointMBeanExporter [674] - Located managed bean 'autoConfigurationReportEndpoint': registering with JMX server as MBean [org.springframework.boot:type=Endpoint,name=autoConfigurationReportEndpoint]
[ INFO ] [2016-07-27 17:32:49] org.springframework.boot.actuate.endpoint.jmx.EndpointMBeanExporter [674] - Located managed bean 'configurationPropertiesReportEndpoint': registering with JMX server as MBean [org.springframework.boot:type=Endpoint,name=configurationPropertiesReportEndpoint]
[ INFO ] [2016-07-27 17:32:49] org.apache.coyote.http11.Http11NioProtocol [180] - Initializing ProtocolHandler ["http-nio-8080"]
[ INFO ] [2016-07-27 17:32:49] org.apache.coyote.http11.Http11NioProtocol [180] - Starting ProtocolHandler ["http-nio-8080"]
[ INFO ] [2016-07-27 17:32:49] org.apache.tomcat.util.net.NioSelectorPool [180] - Using a shared selector for servlet write/read
[ INFO ] [2016-07-27 17:32:49] org.springframework.boot.context.embedded.tomcat.TomcatEmbeddedServletContainer [162] - Tomcat started on port(s): 8080 (http)
[ INFO ] [2016-07-27 17:32:49] demo.Appboot [57] - Started Appboot in 9.221 seconds (JVM running for 10.38)
[ INFO ] [2016-07-27 17:32:49] demo.Appboot [15] - ============= SpringBoot Start Success =============
[ INFO ] [2016-07-27 17:41:02] org.apache.catalina.core.ContainerBase.[Tomcat].[localhost].[/] [180] - Initializing Spring FrameworkServlet 'dispatcherServlet'
[ INFO ] [2016-07-27 17:41:02] org.springframework.web.servlet.DispatcherServlet [488] - FrameworkServlet 'dispatcherServlet': initialization started
[ INFO ] [2016-07-27 17:41:02] org.springframework.web.servlet.DispatcherServlet [507] - FrameworkServlet 'dispatcherServlet': initialization completed in 46 ms
[ INFO ] [2016-07-27 17:41:07] demo.controller.UserController [63] - applicationContextName:org.springframework.boot.context.embedded.AnnotationConfigEmbeddedWebApplicationContext@1e730495
[ INFO ] [2016-07-27 17:41:07] demo.controller.UserController [65] - getBean:org.springframework.boot.actuate.endpoint.HealthEndpoint@56da7487
[ INFO ] [2016-07-27 17:42:42] demo.controller.UserController [63] - applicationContextName:sun.misc.Launcher$AppClassLoader@14dad5dc
[ INFO ] [2016-07-27 17:42:42] demo.controller.UserController [65] - getBean:org.springframework.boot.actuate.endpoint.HealthEndpoint@56da7487
[ INFO ] [2016-07-27 17:43:03] demo.controller.UserController [63] - applicationContextName:
[ INFO ] [2016-07-27 17:43:03] demo.controller.UserController [65] - getBean:org.springframework.boot.actuate.endpoint.HealthEndpoint@56da7487
[ INFO ] [2016-07-27 17:55:19] demo.controller.UserController [63] - applicationContextName:
[ ERROR] [2016-07-27 17:55:19] org.apache.catalina.core.ContainerBase.[Tomcat].[localhost].[/].[dispatcherServlet] [182] - Servlet.service() for servlet [dispatcherServlet] in context with path [] threw exception [Request processing failed; nested exception is org.springframework.beans.factory.NoSuchBeanDefinitionException: No bean named 'ThymeleafResourceHandlingConfig' is defined] with root cause
org.springframework.beans.factory.NoSuchBeanDefinitionException: No bean named 'ThymeleafResourceHandlingConfig' is defined
	at org.springframework.beans.factory.support.DefaultListableBeanFactory.getBeanDefinition(DefaultListableBeanFactory.java:698)
	at org.springframework.beans.factory.support.AbstractBeanFactory.getMergedLocalBeanDefinition(AbstractBeanFactory.java:1175)
	at org.springframework.beans.factory.support.AbstractBeanFactory.doGetBean(AbstractBeanFactory.java:284)
	at org.springframework.beans.factory.support.AbstractBeanFactory.getBean(AbstractBeanFactory.java:197)
	at org.springframework.context.support.AbstractApplicationContext.getBean(AbstractApplicationContext.java:1054)
	at demo.utils.SpringUtil.getBean(SpringUtil.java:35)
	at demo.controller.UserController$$EPs9AckI.getBean(UserController.java:64)
	at sun.reflect.NativeMethodAccessorImpl.invoke0(Native Method)
	at sun.reflect.NativeMethodAccessorImpl.invoke(NativeMethodAccessorImpl.java:62)
	at sun.reflect.DelegatingMethodAccessorImpl.invoke(DelegatingMethodAccessorImpl.java:43)
	at java.lang.reflect.Method.invoke(Method.java:497)
	at org.springsource.loaded.ri.ReloadedTypeInvoker$2.invoke(ReloadedTypeInvoker.java:133)
	at org.springsource.loaded.ri.ReflectiveInterceptor.jlrMethodInvoke(ReflectiveInterceptor.java:1461)
	at org.springframework.web.method.support.InvocableHandlerMethod.doInvoke(InvocableHandlerMethod.java:221)
	at org.springframework.web.method.support.InvocableHandlerMethod.invokeForRequest(InvocableHandlerMethod.java:136)
	at org.springframework.web.servlet.mvc.method.annotation.ServletInvocableHandlerMethod.invokeAndHandle(ServletInvocableHandlerMethod.java:110)
	at org.springframework.web.servlet.mvc.method.annotation.RequestMappingHandlerAdapter.invokeHandlerMethod(RequestMappingHandlerAdapter.java:817)
	at org.springframework.web.servlet.mvc.method.annotation.RequestMappingHandlerAdapter.handleInternal(RequestMappingHandlerAdapter.java:731)
	at org.springframework.web.servlet.mvc.method.AbstractHandlerMethodAdapter.handle(AbstractHandlerMethodAdapter.java:85)
	at org.springframework.web.servlet.DispatcherServlet.doDispatch(DispatcherServlet.java:959)
	at org.springframework.web.servlet.DispatcherServlet.doService(DispatcherServlet.java:893)
	at org.springframework.web.servlet.FrameworkServlet.processRequest(FrameworkServlet.java:968)
	at org.springframework.web.servlet.FrameworkServlet.doGet(FrameworkServlet.java:859)
	at javax.servlet.http.HttpServlet.service(HttpServlet.java:622)
	at org.springframework.web.servlet.FrameworkServlet.service(FrameworkServlet.java:844)
	at javax.servlet.http.HttpServlet.service(HttpServlet.java:729)
	at org.apache.catalina.core.ApplicationFilterChain.internalDoFilter(ApplicationFilterChain.java:292)
	at org.apache.catalina.core.ApplicationFilterChain.doFilter(ApplicationFilterChain.java:207)
	at org.apache.tomcat.websocket.server.WsFilter.doFilter(WsFilter.java:52)
	at org.apache.catalina.core.ApplicationFilterChain.internalDoFilter(ApplicationFilterChain.java:240)
	at org.apache.catalina.core.ApplicationFilterChain.doFilter(ApplicationFilterChain.java:207)
	at org.springframework.boot.actuate.autoconfigure.EndpointWebMvcAutoConfiguration$ApplicationContextHeaderFilter.doFilterInternal(EndpointWebMvcAutoConfiguration.java:237)
	at org.springframework.web.filter.OncePerRequestFilter.doFilter(OncePerRequestFilter.java:107)
	at org.apache.catalina.core.ApplicationFilterChain.internalDoFilter(ApplicationFilterChain.java:240)
	at org.apache.catalina.core.ApplicationFilterChain.doFilter(ApplicationFilterChain.java:207)
	at org.springframework.boot.actuate.trace.WebRequestTraceFilter.doFilterInternal(WebRequestTraceFilter.java:112)
	at org.springframework.web.filter.OncePerRequestFilter.doFilter(OncePerRequestFilter.java:107)
	at org.apache.catalina.core.ApplicationFilterChain.internalDoFilter(ApplicationFilterChain.java:240)
	at org.apache.catalina.core.ApplicationFilterChain.doFilter(ApplicationFilterChain.java:207)
	at org.springframework.web.filter.RequestContextFilter.doFilterInternal(RequestContextFilter.java:99)
	at org.springframework.web.filter.OncePerRequestFilter.doFilter(OncePerRequestFilter.java:107)
	at org.apache.catalina.core.ApplicationFilterChain.internalDoFilter(ApplicationFilterChain.java:240)
	at org.apache.catalina.core.ApplicationFilterChain.doFilter(ApplicationFilterChain.java:207)
	at org.springframework.web.filter.HttpPutFormContentFilter.doFilterInternal(HttpPutFormContentFilter.java:87)
	at org.springframework.web.filter.OncePerRequestFilter.doFilter(OncePerRequestFilter.java:107)
	at org.apache.catalina.core.ApplicationFilterChain.internalDoFilter(ApplicationFilterChain.java:240)
	at org.apache.catalina.core.ApplicationFilterChain.doFilter(ApplicationFilterChain.java:207)
	at org.springframework.web.filter.HiddenHttpMethodFilter.doFilterInternal(HiddenHttpMethodFilter.java:77)
	at org.springframework.web.filter.OncePerRequestFilter.doFilter(OncePerRequestFilter.java:107)
	at org.apache.catalina.core.ApplicationFilterChain.internalDoFilter(ApplicationFilterChain.java:240)
	at org.apache.catalina.core.ApplicationFilterChain.doFilter(ApplicationFilterChain.java:207)
	at org.springframework.web.filter.CharacterEncodingFilter.doFilterInternal(CharacterEncodingFilter.java:121)
	at org.springframework.web.filter.OncePerRequestFilter.doFilter(OncePerRequestFilter.java:107)
	at org.apache.catalina.core.ApplicationFilterChain.internalDoFilter(ApplicationFilterChain.java:240)
	at org.apache.catalina.core.ApplicationFilterChain.doFilter(ApplicationFilterChain.java:207)
	at org.springframework.boot.actuate.autoconfigure.MetricsFilter.doFilterInternal(MetricsFilter.java:103)
	at org.springframework.web.filter.OncePerRequestFilter.doFilter(OncePerRequestFilter.java:107)
	at org.apache.catalina.core.ApplicationFilterChain.internalDoFilter(ApplicationFilterChain.java:240)
	at org.apache.catalina.core.ApplicationFilterChain.doFilter(ApplicationFilterChain.java:207)
	at org.apache.catalina.core.StandardWrapperValve.invoke(StandardWrapperValve.java:212)
	at org.apache.catalina.core.StandardContextValve.invoke(StandardContextValve.java:106)
	at org.apache.catalina.authenticator.AuthenticatorBase.invoke(AuthenticatorBase.java:502)
	at org.apache.catalina.core.StandardHostValve.invoke(StandardHostValve.java:141)
	at org.apache.catalina.valves.ErrorReportValve.invoke(ErrorReportValve.java:79)
	at org.apache.catalina.core.StandardEngineValve.invoke(StandardEngineValve.java:88)
	at org.apache.catalina.connector.CoyoteAdapter.service(CoyoteAdapter.java:522)
	at org.apache.coyote.http11.AbstractHttp11Processor.process(AbstractHttp11Processor.java:1095)
	at org.apache.coyote.AbstractProtocol$AbstractConnectionHandler.process(AbstractProtocol.java:672)
	at org.apache.tomcat.util.net.NioEndpoint$SocketProcessor.doRun(NioEndpoint.java:1500)
	at org.apache.tomcat.util.net.NioEndpoint$SocketProcessor.run(NioEndpoint.java:1456)
	at java.util.concurrent.ThreadPoolExecutor.runWorker(ThreadPoolExecutor.java:1142)
	at java.util.concurrent.ThreadPoolExecutor$Worker.run(ThreadPoolExecutor.java:617)
	at org.apache.tomcat.util.threads.TaskThread$WrappingRunnable.run(TaskThread.java:61)
	at java.lang.Thread.run(Thread.java:745)
[ INFO ] [2016-07-27 17:55:39] demo.controller.UserController [63] - applicationContextName:
[ INFO ] [2016-07-27 17:55:39] demo.controller.UserController [65] - getBean:proxyTargetClass=true; optimize=false; opaque=false; exposeProxy=false; frozen=false
[ INFO ] [2016-07-27 18:42:46] demo.Appboot [48] - Starting Appboot on 20160628-160009 with PID 6148 (E:\ideaworkspace\springboot-mybatis\target\classes started by Administrator in E:\ideaworkspace\springboot-mybatis)
[ INFO ] [2016-07-27 18:42:46] demo.Appboot [666] - No active profile set, falling back to default profiles: default
[ INFO ] [2016-07-27 18:42:47] org.hibernate.validator.internal.util.Version [30] - HV000001: Hibernate Validator 5.2.4.Final
[ INFO ] [2016-07-27 18:42:47] org.springframework.boot.context.embedded.AnnotationConfigEmbeddedWebApplicationContext [578] - Refreshing org.springframework.boot.context.embedded.AnnotationConfigEmbeddedWebApplicationContext@7f1302d6: startup date [Wed Jul 27 18:42:47 CST 2016]; root of context hierarchy
[ INFO ] [2016-07-27 18:42:48] org.springframework.beans.factory.support.DefaultListableBeanFactory [839] - Overriding bean definition for bean 'beanNameViewResolver' with a different definition: replacing [Root bean: class [null]; scope=; abstract=false; lazyInit=false; autowireMode=3; dependencyCheck=0; autowireCandidate=true; primary=false; factoryBeanName=org.springframework.boot.autoconfigure.web.ErrorMvcAutoConfiguration$WhitelabelErrorViewConfiguration; factoryMethodName=beanNameViewResolver; initMethodName=null; destroyMethodName=(inferred); defined in class path resource [org/springframework/boot/autoconfigure/web/ErrorMvcAutoConfiguration$WhitelabelErrorViewConfiguration.class]] with [Root bean: class [null]; scope=; abstract=false; lazyInit=false; autowireMode=3; dependencyCheck=0; autowireCandidate=true; primary=false; factoryBeanName=org.springframework.boot.autoconfigure.web.WebMvcAutoConfiguration$WebMvcAutoConfigurationAdapter; factoryMethodName=beanNameViewResolver; initMethodName=null; destroyMethodName=(inferred); defined in class path resource [org/springframework/boot/autoconfigure/web/WebMvcAutoConfiguration$WebMvcAutoConfigurationAdapter.class]]
[ INFO ] [2016-07-27 18:42:48] org.springframework.beans.factory.support.DefaultListableBeanFactory [839] - Overriding bean definition for bean 'ignoredPathsWebSecurityConfigurerAdapter' with a different definition: replacing [Root bean: class [null]; scope=; abstract=false; lazyInit=false; autowireMode=3; dependencyCheck=0; autowireCandidate=true; primary=false; factoryBeanName=org.springframework.boot.autoconfigure.security.SpringBootWebSecurityConfiguration; factoryMethodName=ignoredPathsWebSecurityConfigurerAdapter; initMethodName=null; destroyMethodName=(inferred); defined in class path resource [org/springframework/boot/autoconfigure/security/SpringBootWebSecurityConfiguration.class]] with [Root bean: class [null]; scope=; abstract=false; lazyInit=false; autowireMode=3; dependencyCheck=0; autowireCandidate=true; primary=false; factoryBeanName=org.springframework.boot.actuate.autoconfigure.ManagementWebSecurityAutoConfiguration; factoryMethodName=ignoredPathsWebSecurityConfigurerAdapter; initMethodName=null; destroyMethodName=(inferred); defined in class path resource [org/springframework/boot/actuate/autoconfigure/ManagementWebSecurityAutoConfiguration.class]]
[ INFO ] [2016-07-27 18:42:49] org.springframework.context.support.PostProcessorRegistrationDelegate$BeanPostProcessorChecker [328] - Bean 'myBatisConfig' of type [class demo.config.MyBatisConfig$$EnhancerBySpringCGLIB$$3fc7a57b] is not eligible for getting processed by all BeanPostProcessors (for example: not eligible for auto-proxying)
[ INFO ] [2016-07-27 18:42:50] org.springframework.context.support.PostProcessorRegistrationDelegate$BeanPostProcessorChecker [328] - Bean 'druidDataSource' of type [class com.alibaba.druid.pool.DruidDataSource] is not eligible for getting processed by all BeanPostProcessors (for example: not eligible for auto-proxying)
[ INFO ] [2016-07-27 18:42:50] org.springframework.context.support.PostProcessorRegistrationDelegate$BeanPostProcessorChecker [328] - Bean 'sqlSessionFactory' of type [class org.apache.ibatis.session.defaults.DefaultSqlSessionFactory] is not eligible for getting processed by all BeanPostProcessors (for example: not eligible for auto-proxying)
[ INFO ] [2016-07-27 18:42:50] org.springframework.context.support.PostProcessorRegistrationDelegate$BeanPostProcessorChecker [328] - Bean 'userMapper' of type [class org.mybatis.spring.mapper.MapperFactoryBean] is not eligible for getting processed by all BeanPostProcessors (for example: not eligible for auto-proxying)
[ INFO ] [2016-07-27 18:42:50] org.springframework.context.support.PostProcessorRegistrationDelegate$BeanPostProcessorChecker [328] - Bean 'org.springframework.transaction.annotation.ProxyTransactionManagementConfiguration' of type [class org.springframework.transaction.annotation.ProxyTransactionManagementConfiguration$$EnhancerBySpringCGLIB$$fb7c5282] is not eligible for getting processed by all BeanPostProcessors (for example: not eligible for auto-proxying)
[ INFO ] [2016-07-27 18:42:51] org.springframework.boot.context.embedded.tomcat.TomcatEmbeddedServletContainer [81] - Tomcat initialized with port(s): 8080 (http)
[ INFO ] [2016-07-27 18:42:51] org.apache.catalina.core.StandardService [180] - Starting service Tomcat
[ INFO ] [2016-07-27 18:42:51] org.apache.catalina.core.StandardEngine [180] - Starting Servlet Engine: Apache Tomcat/8.0.32
[ INFO ] [2016-07-27 18:42:51] org.apache.catalina.core.ContainerBase.[Tomcat].[localhost].[/] [180] - Initializing Spring embedded WebApplicationContext
[ INFO ] [2016-07-27 18:42:51] org.springframework.web.context.ContextLoader [272] - Root WebApplicationContext: initialization completed in 4005 ms
[ INFO ] [2016-07-27 18:42:51] org.springframework.boot.context.embedded.FilterRegistrationBean [258] - Mapping filter: 'metricFilter' to: [/*]
[ INFO ] [2016-07-27 18:42:51] org.springframework.boot.context.embedded.FilterRegistrationBean [258] - Mapping filter: 'characterEncodingFilter' to: [/*]
[ INFO ] [2016-07-27 18:42:51] org.springframework.boot.context.embedded.FilterRegistrationBean [258] - Mapping filter: 'hiddenHttpMethodFilter' to: [/*]
[ INFO ] [2016-07-27 18:42:51] org.springframework.boot.context.embedded.FilterRegistrationBean [258] - Mapping filter: 'httpPutFormContentFilter' to: [/*]
[ INFO ] [2016-07-27 18:42:51] org.springframework.boot.context.embedded.FilterRegistrationBean [258] - Mapping filter: 'requestContextFilter' to: [/*]
[ INFO ] [2016-07-27 18:42:51] org.springframework.boot.context.embedded.DelegatingFilterProxyRegistrationBean [258] - Mapping filter: 'springSecurityFilterChain' to: [/*]
[ INFO ] [2016-07-27 18:42:51] org.springframework.boot.context.embedded.FilterRegistrationBean [258] - Mapping filter: 'webRequestLoggingFilter' to: [/*]
[ INFO ] [2016-07-27 18:42:51] org.springframework.boot.context.embedded.FilterRegistrationBean [258] - Mapping filter: 'applicationContextIdFilter' to: [/*]
[ INFO ] [2016-07-27 18:42:51] org.springframework.boot.context.embedded.ServletRegistrationBean [189] - Mapping servlet: 'dispatcherServlet' to [/]
[ INFO ] [2016-07-27 18:42:52] org.springframework.boot.autoconfigure.security.AuthenticationManagerConfiguration [170] - 

Using default security password: 2ccac589-b9ad-4c09-911f-6d42efa43258

[ INFO ] [2016-07-27 18:42:52] org.springframework.security.web.DefaultSecurityFilterChain [28] - Creating filter chain: OrRequestMatcher [requestMatchers=[Ant [pattern='/css/**'], Ant [pattern='/js/**'], Ant [pattern='/images/**'], Ant [pattern='/**/favicon.ico'], Ant [pattern='/error']]], []
[ INFO ] [2016-07-27 18:42:52] org.springframework.security.web.DefaultSecurityFilterChain [28] - Creating filter chain: org.springframework.boot.actuate.autoconfigure.ManagementWebSecurityAutoConfiguration$LazyEndpointPathRequestMatcher@2138dcd2, [org.springframework.security.web.context.request.async.WebAsyncManagerIntegrationFilter@1897f8c6, org.springframework.security.web.context.SecurityContextPersistenceFilter@3d0379f7, org.springframework.security.web.header.HeaderWriterFilter@644d7310, org.springframework.security.web.authentication.logout.LogoutFilter@38067de, org.springframework.security.web.authentication.www.BasicAuthenticationFilter@2d629e85, org.springframework.security.web.savedrequest.RequestCacheAwareFilter@2370bfd6, org.springframework.security.web.servletapi.SecurityContextHolderAwareRequestFilter@74f784bb, org.springframework.security.web.authentication.AnonymousAuthenticationFilter@4f95b741, org.springframework.security.web.session.SessionManagementFilter@628c7007, org.springframework.security.web.access.ExceptionTranslationFilter@20dd4ccf, org.springframework.security.web.access.intercept.FilterSecurityInterceptor@27135cda]
[ INFO ] [2016-07-27 18:42:52] org.springframework.security.web.DefaultSecurityFilterChain [28] - Creating filter chain: OrRequestMatcher [requestMatchers=[Ant [pattern='/**']]], [org.springframework.security.web.context.request.async.WebAsyncManagerIntegrationFilter@2880e4fd, org.springframework.security.web.context.SecurityContextPersistenceFilter@7c29af9b, org.springframework.security.web.header.HeaderWriterFilter@71cac1c6, org.springframework.security.web.authentication.logout.LogoutFilter@7e9e3c8f, org.springframework.security.web.authentication.www.BasicAuthenticationFilter@4f7a01b0, org.springframework.security.web.savedrequest.RequestCacheAwareFilter@8ced0b2, org.springframework.security.web.servletapi.SecurityContextHolderAwareRequestFilter@2f2de49c, org.springframework.security.web.authentication.AnonymousAuthenticationFilter@69875f19, org.springframework.security.web.session.SessionManagementFilter@16d8f749, org.springframework.security.web.access.ExceptionTranslationFilter@184d8bdf, org.springframework.security.web.access.intercept.FilterSecurityInterceptor@619bc108]
[ INFO ] [2016-07-27 18:42:53] org.springframework.web.servlet.mvc.method.annotation.RequestMappingHandlerAdapter [532] - Looking for @ControllerAdvice: org.springframework.boot.context.embedded.AnnotationConfigEmbeddedWebApplicationContext@7f1302d6: startup date [Wed Jul 27 18:42:47 CST 2016]; root of context hierarchy
[ INFO ] [2016-07-27 18:42:53] org.springframework.web.servlet.mvc.method.annotation.RequestMappingHandlerMapping [534] - Mapped "{[/]}" onto public java.lang.String demo.controller.HelloController.hello()
[ INFO ] [2016-07-27 18:42:53] org.springframework.web.servlet.mvc.method.annotation.RequestMappingHandlerMapping [534] - Mapped "{[/hello/{name}]}" onto public java.lang.String demo.controller.HelloController.hello(java.lang.String,org.springframework.ui.Model)
[ INFO ] [2016-07-27 18:42:53] org.springframework.web.servlet.mvc.method.annotation.RequestMappingHandlerMapping [534] - Mapped "{[/userinfo]}" onto public demo.entity.User demo.controller.UserController.getUserInfo(int)
[ INFO ] [2016-07-27 18:42:53] org.springframework.web.servlet.mvc.method.annotation.RequestMappingHandlerMapping [534] - Mapped "{[/alluser]}" onto public demo.entity.User[] demo.controller.UserController.getAllUser()
[ INFO ] [2016-07-27 18:42:53] org.springframework.web.servlet.mvc.method.annotation.RequestMappingHandlerMapping [534] - Mapped "{[/errorLog]}" onto public java.lang.String demo.controller.UserController.writeError()
[ INFO ] [2016-07-27 18:42:53] org.springframework.web.servlet.mvc.method.annotation.RequestMappingHandlerMapping [534] - Mapped "{[/addUser]}" onto public void demo.controller.UserController.addUser(java.lang.String,java.lang.String)
[ INFO ] [2016-07-27 18:42:53] org.springframework.web.servlet.mvc.method.annotation.RequestMappingHandlerMapping [534] - Mapped "{[/getBean/{beanName}]}" onto public java.lang.String demo.controller.UserController.getBean(java.lang.String)
[ INFO ] [2016-07-27 18:42:53] org.springframework.web.servlet.mvc.method.annotation.RequestMappingHandlerMapping [534] - Mapped "{[/error]}" onto public org.springframework.http.ResponseEntity<java.util.Map<java.lang.String, java.lang.Object>> org.springframework.boot.autoconfigure.web.BasicErrorController.error(javax.servlet.http.HttpServletRequest)
[ INFO ] [2016-07-27 18:42:53] org.springframework.web.servlet.mvc.method.annotation.RequestMappingHandlerMapping [534] - Mapped "{[/error],produces=[text/html]}" onto public org.springframework.web.servlet.ModelAndView org.springframework.boot.autoconfigure.web.BasicErrorController.errorHtml(javax.servlet.http.HttpServletRequest,javax.servlet.http.HttpServletResponse)
[ INFO ] [2016-07-27 18:42:53] org.springframework.web.servlet.handler.SimpleUrlHandlerMapping [341] - Mapped URL path [/webjars/**] onto handler of type [class org.springframework.web.servlet.resource.ResourceHttpRequestHandler]
[ INFO ] [2016-07-27 18:42:53] org.springframework.web.servlet.handler.SimpleUrlHandlerMapping [341] - Mapped URL path [/**] onto handler of type [class org.springframework.web.servlet.resource.ResourceHttpRequestHandler]
[ INFO ] [2016-07-27 18:42:53] org.springframework.web.servlet.handler.SimpleUrlHandlerMapping [341] - Mapped URL path [/**/favicon.ico] onto handler of type [class org.springframework.web.servlet.resource.ResourceHttpRequestHandler]
[ INFO ] [2016-07-27 18:42:54] org.springframework.boot.actuate.endpoint.mvc.EndpointHandlerMapping [534] - Mapped "{[/health || /health.json],produces=[application/json]}" onto public java.lang.Object org.springframework.boot.actuate.endpoint.mvc.HealthMvcEndpoint.invoke(java.security.Principal)
[ INFO ] [2016-07-27 18:42:54] org.springframework.boot.actuate.endpoint.mvc.EndpointHandlerMapping [534] - Mapped "{[/info || /info.json],methods=[GET],produces=[application/json]}" onto public java.lang.Object org.springframework.boot.actuate.endpoint.mvc.EndpointMvcAdapter.invoke()
[ INFO ] [2016-07-27 18:42:54] org.springframework.boot.actuate.endpoint.mvc.EndpointHandlerMapping [534] - Mapped "{[/trace || /trace.json],methods=[GET],produces=[application/json]}" onto public java.lang.Object org.springframework.boot.actuate.endpoint.mvc.EndpointMvcAdapter.invoke()
[ INFO ] [2016-07-27 18:42:54] org.springframework.boot.actuate.endpoint.mvc.EndpointHandlerMapping [534] - Mapped "{[/autoconfig || /autoconfig.json],methods=[GET],produces=[application/json]}" onto public java.lang.Object org.springframework.boot.actuate.endpoint.mvc.EndpointMvcAdapter.invoke()
[ INFO ] [2016-07-27 18:42:54] org.springframework.boot.actuate.endpoint.mvc.EndpointHandlerMapping [534] - Mapped "{[/dump || /dump.json],methods=[GET],produces=[application/json]}" onto public java.lang.Object org.springframework.boot.actuate.endpoint.mvc.EndpointMvcAdapter.invoke()
[ INFO ] [2016-07-27 18:42:54] org.springframework.boot.actuate.endpoint.mvc.EndpointHandlerMapping [534] - Mapped "{[/configprops || /configprops.json],methods=[GET],produces=[application/json]}" onto public java.lang.Object org.springframework.boot.actuate.endpoint.mvc.EndpointMvcAdapter.invoke()
[ INFO ] [2016-07-27 18:42:54] org.springframework.boot.actuate.endpoint.mvc.EndpointHandlerMapping [534] - Mapped "{[/env/{name:.*}],methods=[GET],produces=[application/json]}" onto public java.lang.Object org.springframework.boot.actuate.endpoint.mvc.EnvironmentMvcEndpoint.value(java.lang.String)
[ INFO ] [2016-07-27 18:42:54] org.springframework.boot.actuate.endpoint.mvc.EndpointHandlerMapping [534] - Mapped "{[/env || /env.json],methods=[GET],produces=[application/json]}" onto public java.lang.Object org.springframework.boot.actuate.endpoint.mvc.EndpointMvcAdapter.invoke()
[ INFO ] [2016-07-27 18:42:54] org.springframework.boot.actuate.endpoint.mvc.EndpointHandlerMapping [534] - Mapped "{[/beans || /beans.json],methods=[GET],produces=[application/json]}" onto public java.lang.Object org.springframework.boot.actuate.endpoint.mvc.EndpointMvcAdapter.invoke()
[ INFO ] [2016-07-27 18:42:54] org.springframework.boot.actuate.endpoint.mvc.EndpointHandlerMapping [534] - Mapped "{[/metrics/{name:.*}],methods=[GET],produces=[application/json]}" onto public java.lang.Object org.springframework.boot.actuate.endpoint.mvc.MetricsMvcEndpoint.value(java.lang.String)
[ INFO ] [2016-07-27 18:42:54] org.springframework.boot.actuate.endpoint.mvc.EndpointHandlerMapping [534] - Mapped "{[/metrics || /metrics.json],methods=[GET],produces=[application/json]}" onto public java.lang.Object org.springframework.boot.actuate.endpoint.mvc.EndpointMvcAdapter.invoke()
[ INFO ] [2016-07-27 18:42:54] org.springframework.boot.actuate.endpoint.mvc.EndpointHandlerMapping [534] - Mapped "{[/mappings || /mappings.json],methods=[GET],produces=[application/json]}" onto public java.lang.Object org.springframework.boot.actuate.endpoint.mvc.EndpointMvcAdapter.invoke()
[ INFO ] [2016-07-27 18:42:54] org.springframework.jmx.export.annotation.AnnotationMBeanExporter [431] - Registering beans for JMX exposure on startup
[ INFO ] [2016-07-27 18:42:54] org.springframework.jmx.export.annotation.AnnotationMBeanExporter [912] - Bean with name 'druidDataSource' has been autodetected for JMX exposure
[ INFO ] [2016-07-27 18:42:54] org.springframework.jmx.export.annotation.AnnotationMBeanExporter [667] - Located MBean 'druidDataSource': registering with JMX server as MBean [com.alibaba.druid.pool:name=druidDataSource,type=DruidDataSource]
[ INFO ] [2016-07-27 18:42:54] org.springframework.boot.actuate.endpoint.jmx.EndpointMBeanExporter [431] - Registering beans for JMX exposure on startup
[ INFO ] [2016-07-27 18:42:54] org.springframework.context.support.DefaultLifecycleProcessor [341] - Starting beans in phase 0
[ INFO ] [2016-07-27 18:42:54] org.springframework.boot.actuate.endpoint.jmx.EndpointMBeanExporter [674] - Located managed bean 'requestMappingEndpoint': registering with JMX server as MBean [org.springframework.boot:type=Endpoint,name=requestMappingEndpoint]
[ INFO ] [2016-07-27 18:42:54] org.springframework.boot.actuate.endpoint.jmx.EndpointMBeanExporter [674] - Located managed bean 'environmentEndpoint': registering with JMX server as MBean [org.springframework.boot:type=Endpoint,name=environmentEndpoint]
[ INFO ] [2016-07-27 18:42:54] org.springframework.boot.actuate.endpoint.jmx.EndpointMBeanExporter [674] - Located managed bean 'healthEndpoint': registering with JMX server as MBean [org.springframework.boot:type=Endpoint,name=healthEndpoint]
[ INFO ] [2016-07-27 18:42:54] org.springframework.boot.actuate.endpoint.jmx.EndpointMBeanExporter [674] - Located managed bean 'beansEndpoint': registering with JMX server as MBean [org.springframework.boot:type=Endpoint,name=beansEndpoint]
[ INFO ] [2016-07-27 18:42:54] org.springframework.boot.actuate.endpoint.jmx.EndpointMBeanExporter [674] - Located managed bean 'infoEndpoint': registering with JMX server as MBean [org.springframework.boot:type=Endpoint,name=infoEndpoint]
[ INFO ] [2016-07-27 18:42:54] org.springframework.boot.actuate.endpoint.jmx.EndpointMBeanExporter [674] - Located managed bean 'metricsEndpoint': registering with JMX server as MBean [org.springframework.boot:type=Endpoint,name=metricsEndpoint]
[ INFO ] [2016-07-27 18:42:54] org.springframework.boot.actuate.endpoint.jmx.EndpointMBeanExporter [674] - Located managed bean 'traceEndpoint': registering with JMX server as MBean [org.springframework.boot:type=Endpoint,name=traceEndpoint]
[ INFO ] [2016-07-27 18:42:54] org.springframework.boot.actuate.endpoint.jmx.EndpointMBeanExporter [674] - Located managed bean 'dumpEndpoint': registering with JMX server as MBean [org.springframework.boot:type=Endpoint,name=dumpEndpoint]
[ INFO ] [2016-07-27 18:42:54] org.springframework.boot.actuate.endpoint.jmx.EndpointMBeanExporter [674] - Located managed bean 'autoConfigurationReportEndpoint': registering with JMX server as MBean [org.springframework.boot:type=Endpoint,name=autoConfigurationReportEndpoint]
[ INFO ] [2016-07-27 18:42:54] org.springframework.boot.actuate.endpoint.jmx.EndpointMBeanExporter [674] - Located managed bean 'configurationPropertiesReportEndpoint': registering with JMX server as MBean [org.springframework.boot:type=Endpoint,name=configurationPropertiesReportEndpoint]
[ INFO ] [2016-07-27 18:42:54] org.apache.coyote.http11.Http11NioProtocol [180] - Initializing ProtocolHandler ["http-nio-8080"]
[ INFO ] [2016-07-27 18:42:54] org.apache.coyote.http11.Http11NioProtocol [180] - Starting ProtocolHandler ["http-nio-8080"]
[ INFO ] [2016-07-27 18:42:54] org.apache.tomcat.util.net.NioSelectorPool [180] - Using a shared selector for servlet write/read
[ INFO ] [2016-07-27 18:42:55] org.springframework.boot.context.embedded.tomcat.TomcatEmbeddedServletContainer [162] - Tomcat started on port(s): 8080 (http)
[ INFO ] [2016-07-27 18:42:55] demo.Appboot [57] - Started Appboot in 9.184 seconds (JVM running for 10.206)
[ INFO ] [2016-07-27 18:42:55] demo.Appboot [15] - ============= SpringBoot Start Success =============
[ INFO ] [2016-07-27 18:43:10] org.apache.catalina.core.ContainerBase.[Tomcat].[localhost].[/] [180] - Initializing Spring FrameworkServlet 'dispatcherServlet'
[ INFO ] [2016-07-27 18:43:10] org.springframework.web.servlet.DispatcherServlet [488] - FrameworkServlet 'dispatcherServlet': initialization started
[ INFO ] [2016-07-27 18:43:10] org.springframework.web.servlet.DispatcherServlet [507] - FrameworkServlet 'dispatcherServlet': initialization completed in 23 ms
[ INFO ] [2016-07-27 18:43:25] org.thymeleaf.TemplateEngine [825] - [THYMELEAF] INITIALIZING TEMPLATE ENGINE
[ INFO ] [2016-07-27 18:43:25] org.thymeleaf.templateresolver.AbstractTemplateResolver [99] - [THYMELEAF] INITIALIZING TEMPLATE RESOLVER: org.thymeleaf.templateresolver.TemplateResolver
[ INFO ] [2016-07-27 18:43:25] org.thymeleaf.templateresolver.AbstractTemplateResolver [110] - [THYMELEAF] TEMPLATE RESOLVER INITIALIZED OK
[ INFO ] [2016-07-27 18:43:25] org.thymeleaf.messageresolver.AbstractMessageResolver [72] - [THYMELEAF] INITIALIZING MESSAGE RESOLVER: org.thymeleaf.spring4.messageresolver.SpringMessageResolver
[ INFO ] [2016-07-27 18:43:25] org.thymeleaf.messageresolver.AbstractMessageResolver [78] - [THYMELEAF] MESSAGE RESOLVER INITIALIZED OK
[ INFO ] [2016-07-27 18:43:25] org.thymeleaf.TemplateEngine.CONFIG [123] - [THYMELEAF] TEMPLATE ENGINE CONFIGURATION:
[THYMELEAF] * Cache Factory implementation: org.thymeleaf.cache.StandardCacheManager
[THYMELEAF] * Template modes:
[THYMELEAF]     * VALIDXHTML
[THYMELEAF]     * HTML5
[THYMELEAF]     * XHTML
[THYMELEAF]     * LEGACYHTML5
[THYMELEAF]     * XML
[THYMELEAF]     * VALIDXML
[THYMELEAF] * Template resolvers (in order):
[THYMELEAF]     * org.thymeleaf.templateresolver.TemplateResolver
[THYMELEAF] * Message resolvers (in order):
[THYMELEAF]     * org.thymeleaf.spring4.messageresolver.SpringMessageResolver
[THYMELEAF] * Dialect [1 of 2]: org.thymeleaf.spring4.dialect.SpringStandardDialect
[THYMELEAF]     * Prefix: "th"
[THYMELEAF] * Dialect [2 of 2]: nz.net.ultraq.thymeleaf.LayoutDialect
[THYMELEAF]     * Prefix: "layout"
[THYMELEAF] TEMPLATE ENGINE CONFIGURED OK
[ INFO ] [2016-07-27 18:43:25] org.thymeleaf.TemplateEngine [838] - [THYMELEAF] TEMPLATE ENGINE INITIALIZED
[ ERROR] [2016-07-27 18:43:25] org.thymeleaf.TemplateEngine [1085] - [THYMELEAF][http-nio-8080-exec-2] Exception processing template "Wed Jul 27 18:43:25 CST 2016  ---- hello": Error resolving template "Wed Jul 27 18:43:25 CST 2016  ---- hello", template might not exist or might not be accessible by any of the configured Template Resolvers
[ ERROR] [2016-07-27 18:43:25] org.apache.catalina.core.ContainerBase.[Tomcat].[localhost].[/].[dispatcherServlet] [182] - Servlet.service() for servlet [dispatcherServlet] in context with path [] threw exception [Request processing failed; nested exception is org.thymeleaf.exceptions.TemplateInputException: Error resolving template "Wed Jul 27 18:43:25 CST 2016  ---- hello", template might not exist or might not be accessible by any of the configured Template Resolvers] with root cause
org.thymeleaf.exceptions.TemplateInputException: Error resolving template "Wed Jul 27 18:43:25 CST 2016  ---- hello", template might not exist or might not be accessible by any of the configured Template Resolvers
	at org.thymeleaf.TemplateRepository.getTemplate(TemplateRepository.java:246)
	at org.thymeleaf.TemplateEngine.process(TemplateEngine.java:1104)
	at org.thymeleaf.TemplateEngine.process(TemplateEngine.java:1060)
	at org.thymeleaf.TemplateEngine.process(TemplateEngine.java:1011)
	at org.thymeleaf.spring4.view.ThymeleafView.renderFragment(ThymeleafView.java:335)
	at org.thymeleaf.spring4.view.ThymeleafView.render(ThymeleafView.java:190)
	at org.springframework.web.servlet.DispatcherServlet.render(DispatcherServlet.java:1243)
	at org.springframework.web.servlet.DispatcherServlet.processDispatchResult(DispatcherServlet.java:1027)
	at org.springframework.web.servlet.DispatcherServlet.doDispatch(DispatcherServlet.java:971)
	at org.springframework.web.servlet.DispatcherServlet.doService(DispatcherServlet.java:893)
	at org.springframework.web.servlet.FrameworkServlet.processRequest(FrameworkServlet.java:968)
	at org.springframework.web.servlet.FrameworkServlet.doGet(FrameworkServlet.java:859)
	at javax.servlet.http.HttpServlet.service(HttpServlet.java:622)
	at org.springframework.web.servlet.FrameworkServlet.service(FrameworkServlet.java:844)
	at javax.servlet.http.HttpServlet.service(HttpServlet.java:729)
	at org.apache.catalina.core.ApplicationFilterChain.internalDoFilter(ApplicationFilterChain.java:292)
	at org.apache.catalina.core.ApplicationFilterChain.doFilter(ApplicationFilterChain.java:207)
	at org.apache.tomcat.websocket.server.WsFilter.doFilter(WsFilter.java:52)
	at org.apache.catalina.core.ApplicationFilterChain.internalDoFilter(ApplicationFilterChain.java:240)
	at org.apache.catalina.core.ApplicationFilterChain.doFilter(ApplicationFilterChain.java:207)
	at org.springframework.boot.actuate.autoconfigure.EndpointWebMvcAutoConfiguration$ApplicationContextHeaderFilter.doFilterInternal(EndpointWebMvcAutoConfiguration.java:237)
	at org.springframework.web.filter.OncePerRequestFilter.doFilter(OncePerRequestFilter.java:107)
	at org.apache.catalina.core.ApplicationFilterChain.internalDoFilter(ApplicationFilterChain.java:240)
	at org.apache.catalina.core.ApplicationFilterChain.doFilter(ApplicationFilterChain.java:207)
	at org.springframework.boot.actuate.trace.WebRequestTraceFilter.doFilterInternal(WebRequestTraceFilter.java:112)
	at org.springframework.web.filter.OncePerRequestFilter.doFilter(OncePerRequestFilter.java:107)
	at org.apache.catalina.core.ApplicationFilterChain.internalDoFilter(ApplicationFilterChain.java:240)
	at org.apache.catalina.core.ApplicationFilterChain.doFilter(ApplicationFilterChain.java:207)
	at org.springframework.security.web.FilterChainProxy$VirtualFilterChain.doFilter(FilterChainProxy.java:316)
	at org.springframework.security.web.access.intercept.FilterSecurityInterceptor.invoke(FilterSecurityInterceptor.java:126)
	at org.springframework.security.web.access.intercept.FilterSecurityInterceptor.doFilter(FilterSecurityInterceptor.java:90)
	at org.springframework.security.web.FilterChainProxy$VirtualFilterChain.doFilter(FilterChainProxy.java:330)
	at org.springframework.security.web.access.ExceptionTranslationFilter.doFilter(ExceptionTranslationFilter.java:114)
	at org.springframework.security.web.FilterChainProxy$VirtualFilterChain.doFilter(FilterChainProxy.java:330)
	at org.springframework.security.web.session.SessionManagementFilter.doFilter(SessionManagementFilter.java:122)
	at org.springframework.security.web.FilterChainProxy$VirtualFilterChain.doFilter(FilterChainProxy.java:330)
	at org.springframework.security.web.authentication.AnonymousAuthenticationFilter.doFilter(AnonymousAuthenticationFilter.java:111)
	at org.springframework.security.web.FilterChainProxy$VirtualFilterChain.doFilter(FilterChainProxy.java:330)
	at org.springframework.security.web.servletapi.SecurityContextHolderAwareRequestFilter.doFilter(SecurityContextHolderAwareRequestFilter.java:169)
	at org.springframework.security.web.FilterChainProxy$VirtualFilterChain.doFilter(FilterChainProxy.java:330)
	at org.springframework.security.web.savedrequest.RequestCacheAwareFilter.doFilter(RequestCacheAwareFilter.java:48)
	at org.springframework.security.web.FilterChainProxy$VirtualFilterChain.doFilter(FilterChainProxy.java:330)
	at org.springframework.security.web.authentication.www.BasicAuthenticationFilter.doFilterInternal(BasicAuthenticationFilter.java:213)
	at org.springframework.web.filter.OncePerRequestFilter.doFilter(OncePerRequestFilter.java:107)
	at org.springframework.security.web.FilterChainProxy$VirtualFilterChain.doFilter(FilterChainProxy.java:330)
	at org.springframework.security.web.authentication.logout.LogoutFilter.doFilter(LogoutFilter.java:120)
	at org.springframework.security.web.FilterChainProxy$VirtualFilterChain.doFilter(FilterChainProxy.java:330)
	at org.springframework.security.web.header.HeaderWriterFilter.doFilterInternal(HeaderWriterFilter.java:64)
	at org.springframework.web.filter.OncePerRequestFilter.doFilter(OncePerRequestFilter.java:107)
	at org.springframework.security.web.FilterChainProxy$VirtualFilterChain.doFilter(FilterChainProxy.java:330)
	at org.springframework.security.web.context.SecurityContextPersistenceFilter.doFilter(SecurityContextPersistenceFilter.java:91)
	at org.springframework.security.web.FilterChainProxy$VirtualFilterChain.doFilter(FilterChainProxy.java:330)
	at org.springframework.security.web.context.request.async.WebAsyncManagerIntegrationFilter.doFilterInternal(WebAsyncManagerIntegrationFilter.java:53)
	at org.springframework.web.filter.OncePerRequestFilter.doFilter(OncePerRequestFilter.java:107)
	at org.springframework.security.web.FilterChainProxy$VirtualFilterChain.doFilter(FilterChainProxy.java:330)
	at org.springframework.security.web.FilterChainProxy.doFilterInternal(FilterChainProxy.java:213)
	at org.springframework.security.web.FilterChainProxy.doFilter(FilterChainProxy.java:176)
	at org.springframework.web.filter.DelegatingFilterProxy.invokeDelegate(DelegatingFilterProxy.java:346)
	at org.springframework.web.filter.DelegatingFilterProxy.doFilter(DelegatingFilterProxy.java:262)
	at org.apache.catalina.core.ApplicationFilterChain.internalDoFilter(ApplicationFilterChain.java:240)
	at org.apache.catalina.core.ApplicationFilterChain.doFilter(ApplicationFilterChain.java:207)
	at org.springframework.web.filter.RequestContextFilter.doFilterInternal(RequestContextFilter.java:99)
	at org.springframework.web.filter.OncePerRequestFilter.doFilter(OncePerRequestFilter.java:107)
	at org.apache.catalina.core.ApplicationFilterChain.internalDoFilter(ApplicationFilterChain.java:240)
	at org.apache.catalina.core.ApplicationFilterChain.doFilter(ApplicationFilterChain.java:207)
	at org.springframework.web.filter.HttpPutFormContentFilter.doFilterInternal(HttpPutFormContentFilter.java:87)
	at org.springframework.web.filter.OncePerRequestFilter.doFilter(OncePerRequestFilter.java:107)
	at org.apache.catalina.core.ApplicationFilterChain.internalDoFilter(ApplicationFilterChain.java:240)
	at org.apache.catalina.core.ApplicationFilterChain.doFilter(ApplicationFilterChain.java:207)
	at org.springframework.web.filter.HiddenHttpMethodFilter.doFilterInternal(HiddenHttpMethodFilter.java:77)
	at org.springframework.web.filter.OncePerRequestFilter.doFilter(OncePerRequestFilter.java:107)
	at org.apache.catalina.core.ApplicationFilterChain.internalDoFilter(ApplicationFilterChain.java:240)
	at org.apache.catalina.core.ApplicationFilterChain.doFilter(ApplicationFilterChain.java:207)
	at org.springframework.web.filter.CharacterEncodingFilter.doFilterInternal(CharacterEncodingFilter.java:121)
	at org.springframework.web.filter.OncePerRequestFilter.doFilter(OncePerRequestFilter.java:107)
	at org.apache.catalina.core.ApplicationFilterChain.internalDoFilter(ApplicationFilterChain.java:240)
	at org.apache.catalina.core.ApplicationFilterChain.doFilter(ApplicationFilterChain.java:207)
	at org.springframework.boot.actuate.autoconfigure.MetricsFilter.doFilterInternal(MetricsFilter.java:103)
	at org.springframework.web.filter.OncePerRequestFilter.doFilter(OncePerRequestFilter.java:107)
	at org.apache.catalina.core.ApplicationFilterChain.internalDoFilter(ApplicationFilterChain.java:240)
	at org.apache.catalina.core.ApplicationFilterChain.doFilter(ApplicationFilterChain.java:207)
	at org.apache.catalina.core.StandardWrapperValve.invoke(StandardWrapperValve.java:212)
	at org.apache.catalina.core.StandardContextValve.invoke(StandardContextValve.java:106)
	at org.apache.catalina.authenticator.AuthenticatorBase.invoke(AuthenticatorBase.java:502)
	at org.apache.catalina.core.StandardHostValve.invoke(StandardHostValve.java:141)
	at org.apache.catalina.valves.ErrorReportValve.invoke(ErrorReportValve.java:79)
	at org.apache.catalina.core.StandardEngineValve.invoke(StandardEngineValve.java:88)
	at org.apache.catalina.connector.CoyoteAdapter.service(CoyoteAdapter.java:522)
	at org.apache.coyote.http11.AbstractHttp11Processor.process(AbstractHttp11Processor.java:1095)
	at org.apache.coyote.AbstractProtocol$AbstractConnectionHandler.process(AbstractProtocol.java:672)
	at org.apache.tomcat.util.net.NioEndpoint$SocketProcessor.doRun(NioEndpoint.java:1500)
	at org.apache.tomcat.util.net.NioEndpoint$SocketProcessor.run(NioEndpoint.java:1456)
	at java.util.concurrent.ThreadPoolExecutor.runWorker(ThreadPoolExecutor.java:1142)
	at java.util.concurrent.ThreadPoolExecutor$Worker.run(ThreadPoolExecutor.java:617)
	at org.apache.tomcat.util.threads.TaskThread$WrappingRunnable.run(TaskThread.java:61)
	at java.lang.Thread.run(Thread.java:745)
[ INFO ] [2016-07-27 18:50:00] demo.Appboot [48] - Starting Appboot on 20160628-160009 with PID 6988 (E:\ideaworkspace\springboot-mybatis\target\classes started by Administrator in E:\ideaworkspace\springboot-mybatis)
[ INFO ] [2016-07-27 18:50:00] demo.Appboot [666] - No active profile set, falling back to default profiles: default
[ INFO ] [2016-07-27 18:50:00] org.hibernate.validator.internal.util.Version [30] - HV000001: Hibernate Validator 5.2.4.Final
[ INFO ] [2016-07-27 18:50:01] org.springframework.boot.context.embedded.AnnotationConfigEmbeddedWebApplicationContext [578] - Refreshing org.springframework.boot.context.embedded.AnnotationConfigEmbeddedWebApplicationContext@7dc19a70: startup date [Wed Jul 27 18:50:01 CST 2016]; root of context hierarchy
[ INFO ] [2016-07-27 18:50:02] org.springframework.beans.factory.support.DefaultListableBeanFactory [839] - Overriding bean definition for bean 'beanNameViewResolver' with a different definition: replacing [Root bean: class [null]; scope=; abstract=false; lazyInit=false; autowireMode=3; dependencyCheck=0; autowireCandidate=true; primary=false; factoryBeanName=org.springframework.boot.autoconfigure.web.ErrorMvcAutoConfiguration$WhitelabelErrorViewConfiguration; factoryMethodName=beanNameViewResolver; initMethodName=null; destroyMethodName=(inferred); defined in class path resource [org/springframework/boot/autoconfigure/web/ErrorMvcAutoConfiguration$WhitelabelErrorViewConfiguration.class]] with [Root bean: class [null]; scope=; abstract=false; lazyInit=false; autowireMode=3; dependencyCheck=0; autowireCandidate=true; primary=false; factoryBeanName=org.springframework.boot.autoconfigure.web.WebMvcAutoConfiguration$WebMvcAutoConfigurationAdapter; factoryMethodName=beanNameViewResolver; initMethodName=null; destroyMethodName=(inferred); defined in class path resource [org/springframework/boot/autoconfigure/web/WebMvcAutoConfiguration$WebMvcAutoConfigurationAdapter.class]]
[ INFO ] [2016-07-27 18:50:03] org.springframework.context.support.PostProcessorRegistrationDelegate$BeanPostProcessorChecker [328] - Bean 'myBatisConfig' of type [class demo.config.MyBatisConfig$$EnhancerBySpringCGLIB$$22956df1] is not eligible for getting processed by all BeanPostProcessors (for example: not eligible for auto-proxying)
[ INFO ] [2016-07-27 18:50:04] org.springframework.context.support.PostProcessorRegistrationDelegate$BeanPostProcessorChecker [328] - Bean 'druidDataSource' of type [class com.alibaba.druid.pool.DruidDataSource] is not eligible for getting processed by all BeanPostProcessors (for example: not eligible for auto-proxying)
[ INFO ] [2016-07-27 18:50:04] org.springframework.context.support.PostProcessorRegistrationDelegate$BeanPostProcessorChecker [328] - Bean 'sqlSessionFactory' of type [class org.apache.ibatis.session.defaults.DefaultSqlSessionFactory] is not eligible for getting processed by all BeanPostProcessors (for example: not eligible for auto-proxying)
[ INFO ] [2016-07-27 18:50:04] org.springframework.context.support.PostProcessorRegistrationDelegate$BeanPostProcessorChecker [328] - Bean 'userMapper' of type [class org.mybatis.spring.mapper.MapperFactoryBean] is not eligible for getting processed by all BeanPostProcessors (for example: not eligible for auto-proxying)
[ INFO ] [2016-07-27 18:50:04] org.springframework.context.support.PostProcessorRegistrationDelegate$BeanPostProcessorChecker [328] - Bean 'org.springframework.transaction.annotation.ProxyTransactionManagementConfiguration' of type [class org.springframework.transaction.annotation.ProxyTransactionManagementConfiguration$$EnhancerBySpringCGLIB$$de4a1af8] is not eligible for getting processed by all BeanPostProcessors (for example: not eligible for auto-proxying)
[ INFO ] [2016-07-27 18:50:05] org.springframework.boot.context.embedded.tomcat.TomcatEmbeddedServletContainer [81] - Tomcat initialized with port(s): 8080 (http)
[ INFO ] [2016-07-27 18:50:05] org.apache.catalina.core.StandardService [180] - Starting service Tomcat
[ INFO ] [2016-07-27 18:50:05] org.apache.catalina.core.StandardEngine [180] - Starting Servlet Engine: Apache Tomcat/8.0.32
[ INFO ] [2016-07-27 18:50:05] org.apache.catalina.core.ContainerBase.[Tomcat].[localhost].[/] [180] - Initializing Spring embedded WebApplicationContext
[ INFO ] [2016-07-27 18:50:05] org.springframework.web.context.ContextLoader [272] - Root WebApplicationContext: initialization completed in 4130 ms
[ INFO ] [2016-07-27 18:50:06] org.springframework.boot.context.embedded.ServletRegistrationBean [189] - Mapping servlet: 'dispatcherServlet' to [/]
[ INFO ] [2016-07-27 18:50:06] org.springframework.boot.context.embedded.FilterRegistrationBean [258] - Mapping filter: 'metricFilter' to: [/*]
[ INFO ] [2016-07-27 18:50:06] org.springframework.boot.context.embedded.FilterRegistrationBean [258] - Mapping filter: 'characterEncodingFilter' to: [/*]
[ INFO ] [2016-07-27 18:50:06] org.springframework.boot.context.embedded.FilterRegistrationBean [258] - Mapping filter: 'hiddenHttpMethodFilter' to: [/*]
[ INFO ] [2016-07-27 18:50:06] org.springframework.boot.context.embedded.FilterRegistrationBean [258] - Mapping filter: 'httpPutFormContentFilter' to: [/*]
[ INFO ] [2016-07-27 18:50:06] org.springframework.boot.context.embedded.FilterRegistrationBean [258] - Mapping filter: 'requestContextFilter' to: [/*]
[ INFO ] [2016-07-27 18:50:06] org.springframework.boot.context.embedded.FilterRegistrationBean [258] - Mapping filter: 'webRequestLoggingFilter' to: [/*]
[ INFO ] [2016-07-27 18:50:06] org.springframework.boot.context.embedded.FilterRegistrationBean [258] - Mapping filter: 'applicationContextIdFilter' to: [/*]
[ INFO ] [2016-07-27 18:50:06] org.springframework.web.servlet.mvc.method.annotation.RequestMappingHandlerAdapter [532] - Looking for @ControllerAdvice: org.springframework.boot.context.embedded.AnnotationConfigEmbeddedWebApplicationContext@7dc19a70: startup date [Wed Jul 27 18:50:01 CST 2016]; root of context hierarchy
[ INFO ] [2016-07-27 18:50:06] org.springframework.web.servlet.mvc.method.annotation.RequestMappingHandlerMapping [534] - Mapped "{[/]}" onto public java.lang.String demo.controller.HelloController.hello()
[ INFO ] [2016-07-27 18:50:06] org.springframework.web.servlet.mvc.method.annotation.RequestMappingHandlerMapping [534] - Mapped "{[/hello/{name}]}" onto public java.lang.String demo.controller.HelloController.hello(java.lang.String,org.springframework.ui.Model)
[ INFO ] [2016-07-27 18:50:06] org.springframework.web.servlet.mvc.method.annotation.RequestMappingHandlerMapping [534] - Mapped "{[/userinfo]}" onto public demo.entity.User demo.controller.UserController.getUserInfo(int)
[ INFO ] [2016-07-27 18:50:06] org.springframework.web.servlet.mvc.method.annotation.RequestMappingHandlerMapping [534] - Mapped "{[/getBean/{beanName}]}" onto public java.lang.String demo.controller.UserController.getBean(java.lang.String)
[ INFO ] [2016-07-27 18:50:06] org.springframework.web.servlet.mvc.method.annotation.RequestMappingHandlerMapping [534] - Mapped "{[/addUser]}" onto public void demo.controller.UserController.addUser(java.lang.String,java.lang.String)
[ INFO ] [2016-07-27 18:50:06] org.springframework.web.servlet.mvc.method.annotation.RequestMappingHandlerMapping [534] - Mapped "{[/alluser]}" onto public demo.entity.User[] demo.controller.UserController.getAllUser()
[ INFO ] [2016-07-27 18:50:06] org.springframework.web.servlet.mvc.method.annotation.RequestMappingHandlerMapping [534] - Mapped "{[/errorLog]}" onto public java.lang.String demo.controller.UserController.writeError()
[ INFO ] [2016-07-27 18:50:06] org.springframework.web.servlet.mvc.method.annotation.RequestMappingHandlerMapping [534] - Mapped "{[/error]}" onto public org.springframework.http.ResponseEntity<java.util.Map<java.lang.String, java.lang.Object>> org.springframework.boot.autoconfigure.web.BasicErrorController.error(javax.servlet.http.HttpServletRequest)
[ INFO ] [2016-07-27 18:50:06] org.springframework.web.servlet.mvc.method.annotation.RequestMappingHandlerMapping [534] - Mapped "{[/error],produces=[text/html]}" onto public org.springframework.web.servlet.ModelAndView org.springframework.boot.autoconfigure.web.BasicErrorController.errorHtml(javax.servlet.http.HttpServletRequest,javax.servlet.http.HttpServletResponse)
[ INFO ] [2016-07-27 18:50:07] org.springframework.web.servlet.handler.SimpleUrlHandlerMapping [341] - Mapped URL path [/webjars/**] onto handler of type [class org.springframework.web.servlet.resource.ResourceHttpRequestHandler]
[ INFO ] [2016-07-27 18:50:07] org.springframework.web.servlet.handler.SimpleUrlHandlerMapping [341] - Mapped URL path [/**] onto handler of type [class org.springframework.web.servlet.resource.ResourceHttpRequestHandler]
[ INFO ] [2016-07-27 18:50:07] org.springframework.web.servlet.handler.SimpleUrlHandlerMapping [341] - Mapped URL path [/**/favicon.ico] onto handler of type [class org.springframework.web.servlet.resource.ResourceHttpRequestHandler]
[ INFO ] [2016-07-27 18:50:08] org.springframework.boot.actuate.endpoint.mvc.EndpointHandlerMapping [534] - Mapped "{[/health || /health.json],produces=[application/json]}" onto public java.lang.Object org.springframework.boot.actuate.endpoint.mvc.HealthMvcEndpoint.invoke(java.security.Principal)
[ INFO ] [2016-07-27 18:50:08] org.springframework.boot.actuate.endpoint.mvc.EndpointHandlerMapping [534] - Mapped "{[/beans || /beans.json],methods=[GET],produces=[application/json]}" onto public java.lang.Object org.springframework.boot.actuate.endpoint.mvc.EndpointMvcAdapter.invoke()
[ INFO ] [2016-07-27 18:50:08] org.springframework.boot.actuate.endpoint.mvc.EndpointHandlerMapping [534] - Mapped "{[/env/{name:.*}],methods=[GET],produces=[application/json]}" onto public java.lang.Object org.springframework.boot.actuate.endpoint.mvc.EnvironmentMvcEndpoint.value(java.lang.String)
[ INFO ] [2016-07-27 18:50:08] org.springframework.boot.actuate.endpoint.mvc.EndpointHandlerMapping [534] - Mapped "{[/env || /env.json],methods=[GET],produces=[application/json]}" onto public java.lang.Object org.springframework.boot.actuate.endpoint.mvc.EndpointMvcAdapter.invoke()
[ INFO ] [2016-07-27 18:50:08] org.springframework.boot.actuate.endpoint.mvc.EndpointHandlerMapping [534] - Mapped "{[/info || /info.json],methods=[GET],produces=[application/json]}" onto public java.lang.Object org.springframework.boot.actuate.endpoint.mvc.EndpointMvcAdapter.invoke()
[ INFO ] [2016-07-27 18:50:08] org.springframework.boot.actuate.endpoint.mvc.EndpointHandlerMapping [534] - Mapped "{[/metrics/{name:.*}],methods=[GET],produces=[application/json]}" onto public java.lang.Object org.springframework.boot.actuate.endpoint.mvc.MetricsMvcEndpoint.value(java.lang.String)
[ INFO ] [2016-07-27 18:50:08] org.springframework.boot.actuate.endpoint.mvc.EndpointHandlerMapping [534] - Mapped "{[/metrics || /metrics.json],methods=[GET],produces=[application/json]}" onto public java.lang.Object org.springframework.boot.actuate.endpoint.mvc.EndpointMvcAdapter.invoke()
[ INFO ] [2016-07-27 18:50:08] org.springframework.boot.actuate.endpoint.mvc.EndpointHandlerMapping [534] - Mapped "{[/mappings || /mappings.json],methods=[GET],produces=[application/json]}" onto public java.lang.Object org.springframework.boot.actuate.endpoint.mvc.EndpointMvcAdapter.invoke()
[ INFO ] [2016-07-27 18:50:08] org.springframework.boot.actuate.endpoint.mvc.EndpointHandlerMapping [534] - Mapped "{[/configprops || /configprops.json],methods=[GET],produces=[application/json]}" onto public java.lang.Object org.springframework.boot.actuate.endpoint.mvc.EndpointMvcAdapter.invoke()
[ INFO ] [2016-07-27 18:50:08] org.springframework.boot.actuate.endpoint.mvc.EndpointHandlerMapping [534] - Mapped "{[/dump || /dump.json],methods=[GET],produces=[application/json]}" onto public java.lang.Object org.springframework.boot.actuate.endpoint.mvc.EndpointMvcAdapter.invoke()
[ INFO ] [2016-07-27 18:50:08] org.springframework.boot.actuate.endpoint.mvc.EndpointHandlerMapping [534] - Mapped "{[/autoconfig || /autoconfig.json],methods=[GET],produces=[application/json]}" onto public java.lang.Object org.springframework.boot.actuate.endpoint.mvc.EndpointMvcAdapter.invoke()
[ INFO ] [2016-07-27 18:50:08] org.springframework.boot.actuate.endpoint.mvc.EndpointHandlerMapping [534] - Mapped "{[/trace || /trace.json],methods=[GET],produces=[application/json]}" onto public java.lang.Object org.springframework.boot.actuate.endpoint.mvc.EndpointMvcAdapter.invoke()
[ INFO ] [2016-07-27 18:50:08] org.springframework.jmx.export.annotation.AnnotationMBeanExporter [431] - Registering beans for JMX exposure on startup
[ INFO ] [2016-07-27 18:50:08] org.springframework.jmx.export.annotation.AnnotationMBeanExporter [912] - Bean with name 'druidDataSource' has been autodetected for JMX exposure
[ INFO ] [2016-07-27 18:50:08] org.springframework.jmx.export.annotation.AnnotationMBeanExporter [667] - Located MBean 'druidDataSource': registering with JMX server as MBean [com.alibaba.druid.pool:name=druidDataSource,type=DruidDataSource]
[ INFO ] [2016-07-27 18:50:08] org.springframework.boot.actuate.endpoint.jmx.EndpointMBeanExporter [431] - Registering beans for JMX exposure on startup
[ INFO ] [2016-07-27 18:50:08] org.springframework.context.support.DefaultLifecycleProcessor [341] - Starting beans in phase 0
[ INFO ] [2016-07-27 18:50:08] org.springframework.boot.actuate.endpoint.jmx.EndpointMBeanExporter [674] - Located managed bean 'requestMappingEndpoint': registering with JMX server as MBean [org.springframework.boot:type=Endpoint,name=requestMappingEndpoint]
[ INFO ] [2016-07-27 18:50:08] org.springframework.boot.actuate.endpoint.jmx.EndpointMBeanExporter [674] - Located managed bean 'environmentEndpoint': registering with JMX server as MBean [org.springframework.boot:type=Endpoint,name=environmentEndpoint]
[ INFO ] [2016-07-27 18:50:08] org.springframework.boot.actuate.endpoint.jmx.EndpointMBeanExporter [674] - Located managed bean 'healthEndpoint': registering with JMX server as MBean [org.springframework.boot:type=Endpoint,name=healthEndpoint]
[ INFO ] [2016-07-27 18:50:08] org.springframework.boot.actuate.endpoint.jmx.EndpointMBeanExporter [674] - Located managed bean 'beansEndpoint': registering with JMX server as MBean [org.springframework.boot:type=Endpoint,name=beansEndpoint]
[ INFO ] [2016-07-27 18:50:08] org.springframework.boot.actuate.endpoint.jmx.EndpointMBeanExporter [674] - Located managed bean 'infoEndpoint': registering with JMX server as MBean [org.springframework.boot:type=Endpoint,name=infoEndpoint]
[ INFO ] [2016-07-27 18:50:08] org.springframework.boot.actuate.endpoint.jmx.EndpointMBeanExporter [674] - Located managed bean 'metricsEndpoint': registering with JMX server as MBean [org.springframework.boot:type=Endpoint,name=metricsEndpoint]
[ INFO ] [2016-07-27 18:50:08] org.springframework.boot.actuate.endpoint.jmx.EndpointMBeanExporter [674] - Located managed bean 'traceEndpoint': registering with JMX server as MBean [org.springframework.boot:type=Endpoint,name=traceEndpoint]
[ INFO ] [2016-07-27 18:50:08] org.springframework.boot.actuate.endpoint.jmx.EndpointMBeanExporter [674] - Located managed bean 'dumpEndpoint': registering with JMX server as MBean [org.springframework.boot:type=Endpoint,name=dumpEndpoint]
[ INFO ] [2016-07-27 18:50:08] org.springframework.boot.actuate.endpoint.jmx.EndpointMBeanExporter [674] - Located managed bean 'autoConfigurationReportEndpoint': registering with JMX server as MBean [org.springframework.boot:type=Endpoint,name=autoConfigurationReportEndpoint]
[ INFO ] [2016-07-27 18:50:08] org.springframework.boot.actuate.endpoint.jmx.EndpointMBeanExporter [674] - Located managed bean 'configurationPropertiesReportEndpoint': registering with JMX server as MBean [org.springframework.boot:type=Endpoint,name=configurationPropertiesReportEndpoint]
[ INFO ] [2016-07-27 18:50:08] org.apache.coyote.http11.Http11NioProtocol [180] - Initializing ProtocolHandler ["http-nio-8080"]
[ INFO ] [2016-07-27 18:50:08] org.apache.coyote.http11.Http11NioProtocol [180] - Starting ProtocolHandler ["http-nio-8080"]
[ INFO ] [2016-07-27 18:50:08] org.apache.tomcat.util.net.NioSelectorPool [180] - Using a shared selector for servlet write/read
[ INFO ] [2016-07-27 18:50:08] org.springframework.boot.context.embedded.tomcat.TomcatEmbeddedServletContainer [162] - Tomcat started on port(s): 8080 (http)
[ INFO ] [2016-07-27 18:50:08] demo.Appboot [57] - Started Appboot in 9.476 seconds (JVM running for 11.593)
[ INFO ] [2016-07-27 18:50:08] demo.Appboot [15] - ============= SpringBoot Start Success =============
[ INFO ] [2016-07-27 18:50:17] org.apache.catalina.core.ContainerBase.[Tomcat].[localhost].[/] [180] - Initializing Spring FrameworkServlet 'dispatcherServlet'
[ INFO ] [2016-07-27 18:50:17] org.springframework.web.servlet.DispatcherServlet [488] - FrameworkServlet 'dispatcherServlet': initialization started
[ INFO ] [2016-07-27 18:50:17] org.springframework.web.servlet.DispatcherServlet [507] - FrameworkServlet 'dispatcherServlet': initialization completed in 34 ms
[ INFO ] [2016-07-27 18:50:17] org.thymeleaf.TemplateEngine [825] - [THYMELEAF] INITIALIZING TEMPLATE ENGINE
[ INFO ] [2016-07-27 18:50:17] org.thymeleaf.templateresolver.AbstractTemplateResolver [99] - [THYMELEAF] INITIALIZING TEMPLATE RESOLVER: org.thymeleaf.templateresolver.TemplateResolver
[ INFO ] [2016-07-27 18:50:17] org.thymeleaf.templateresolver.AbstractTemplateResolver [110] - [THYMELEAF] TEMPLATE RESOLVER INITIALIZED OK
[ INFO ] [2016-07-27 18:50:17] org.thymeleaf.messageresolver.AbstractMessageResolver [72] - [THYMELEAF] INITIALIZING MESSAGE RESOLVER: org.thymeleaf.spring4.messageresolver.SpringMessageResolver
[ INFO ] [2016-07-27 18:50:17] org.thymeleaf.messageresolver.AbstractMessageResolver [78] - [THYMELEAF] MESSAGE RESOLVER INITIALIZED OK
[ INFO ] [2016-07-27 18:50:17] org.thymeleaf.TemplateEngine.CONFIG [123] - [THYMELEAF] TEMPLATE ENGINE CONFIGURATION:
[THYMELEAF] * Cache Factory implementation: org.thymeleaf.cache.StandardCacheManager
[THYMELEAF] * Template modes:
[THYMELEAF]     * HTML5
[THYMELEAF]     * XHTML
[THYMELEAF]     * VALIDXML
[THYMELEAF]     * VALIDXHTML
[THYMELEAF]     * XML
[THYMELEAF]     * LEGACYHTML5
[THYMELEAF] * Template resolvers (in order):
[THYMELEAF]     * org.thymeleaf.templateresolver.TemplateResolver
[THYMELEAF] * Message resolvers (in order):
[THYMELEAF]     * org.thymeleaf.spring4.messageresolver.SpringMessageResolver
[THYMELEAF] * Dialect [1 of 2]: org.thymeleaf.spring4.dialect.SpringStandardDialect
[THYMELEAF]     * Prefix: "th"
[THYMELEAF] * Dialect [2 of 2]: nz.net.ultraq.thymeleaf.LayoutDialect
[THYMELEAF]     * Prefix: "layout"
[THYMELEAF] TEMPLATE ENGINE CONFIGURED OK
[ INFO ] [2016-07-27 18:50:17] org.thymeleaf.TemplateEngine [838] - [THYMELEAF] TEMPLATE ENGINE INITIALIZED
[ ERROR] [2016-07-27 18:50:18] org.thymeleaf.TemplateEngine [1085] - [THYMELEAF][http-nio-8080-exec-1] Exception processing template "Wed Jul 27 18:50:17 CST 2016  ---- hello": Error resolving template "Wed Jul 27 18:50:17 CST 2016  ---- hello", template might not exist or might not be accessible by any of the configured Template Resolvers
[ ERROR] [2016-07-27 18:50:18] org.apache.catalina.core.ContainerBase.[Tomcat].[localhost].[/].[dispatcherServlet] [182] - Servlet.service() for servlet [dispatcherServlet] in context with path [] threw exception [Request processing failed; nested exception is org.thymeleaf.exceptions.TemplateInputException: Error resolving template "Wed Jul 27 18:50:17 CST 2016  ---- hello", template might not exist or might not be accessible by any of the configured Template Resolvers] with root cause
org.thymeleaf.exceptions.TemplateInputException: Error resolving template "Wed Jul 27 18:50:17 CST 2016  ---- hello", template might not exist or might not be accessible by any of the configured Template Resolvers
	at org.thymeleaf.TemplateRepository.getTemplate(TemplateRepository.java:246)
	at org.thymeleaf.TemplateEngine.process(TemplateEngine.java:1104)
	at org.thymeleaf.TemplateEngine.process(TemplateEngine.java:1060)
	at org.thymeleaf.TemplateEngine.process(TemplateEngine.java:1011)
	at org.thymeleaf.spring4.view.ThymeleafView.renderFragment(ThymeleafView.java:335)
	at org.thymeleaf.spring4.view.ThymeleafView.render(ThymeleafView.java:190)
	at org.springframework.web.servlet.DispatcherServlet.render(DispatcherServlet.java:1243)
	at org.springframework.web.servlet.DispatcherServlet.processDispatchResult(DispatcherServlet.java:1027)
	at org.springframework.web.servlet.DispatcherServlet.doDispatch(DispatcherServlet.java:971)
	at org.springframework.web.servlet.DispatcherServlet.doService(DispatcherServlet.java:893)
	at org.springframework.web.servlet.FrameworkServlet.processRequest(FrameworkServlet.java:968)
	at org.springframework.web.servlet.FrameworkServlet.doGet(FrameworkServlet.java:859)
	at javax.servlet.http.HttpServlet.service(HttpServlet.java:622)
	at org.springframework.web.servlet.FrameworkServlet.service(FrameworkServlet.java:844)
	at javax.servlet.http.HttpServlet.service(HttpServlet.java:729)
	at org.apache.catalina.core.ApplicationFilterChain.internalDoFilter(ApplicationFilterChain.java:292)
	at org.apache.catalina.core.ApplicationFilterChain.doFilter(ApplicationFilterChain.java:207)
	at org.apache.tomcat.websocket.server.WsFilter.doFilter(WsFilter.java:52)
	at org.apache.catalina.core.ApplicationFilterChain.internalDoFilter(ApplicationFilterChain.java:240)
	at org.apache.catalina.core.ApplicationFilterChain.doFilter(ApplicationFilterChain.java:207)
	at org.springframework.boot.actuate.autoconfigure.EndpointWebMvcAutoConfiguration$ApplicationContextHeaderFilter.doFilterInternal(EndpointWebMvcAutoConfiguration.java:237)
	at org.springframework.web.filter.OncePerRequestFilter.doFilter(OncePerRequestFilter.java:107)
	at org.apache.catalina.core.ApplicationFilterChain.internalDoFilter(ApplicationFilterChain.java:240)
	at org.apache.catalina.core.ApplicationFilterChain.doFilter(ApplicationFilterChain.java:207)
	at org.springframework.boot.actuate.trace.WebRequestTraceFilter.doFilterInternal(WebRequestTraceFilter.java:112)
	at org.springframework.web.filter.OncePerRequestFilter.doFilter(OncePerRequestFilter.java:107)
	at org.apache.catalina.core.ApplicationFilterChain.internalDoFilter(ApplicationFilterChain.java:240)
	at org.apache.catalina.core.ApplicationFilterChain.doFilter(ApplicationFilterChain.java:207)
	at org.springframework.web.filter.RequestContextFilter.doFilterInternal(RequestContextFilter.java:99)
	at org.springframework.web.filter.OncePerRequestFilter.doFilter(OncePerRequestFilter.java:107)
	at org.apache.catalina.core.ApplicationFilterChain.internalDoFilter(ApplicationFilterChain.java:240)
	at org.apache.catalina.core.ApplicationFilterChain.doFilter(ApplicationFilterChain.java:207)
	at org.springframework.web.filter.HttpPutFormContentFilter.doFilterInternal(HttpPutFormContentFilter.java:87)
	at org.springframework.web.filter.OncePerRequestFilter.doFilter(OncePerRequestFilter.java:107)
	at org.apache.catalina.core.ApplicationFilterChain.internalDoFilter(ApplicationFilterChain.java:240)
	at org.apache.catalina.core.ApplicationFilterChain.doFilter(ApplicationFilterChain.java:207)
	at org.springframework.web.filter.HiddenHttpMethodFilter.doFilterInternal(HiddenHttpMethodFilter.java:77)
	at org.springframework.web.filter.OncePerRequestFilter.doFilter(OncePerRequestFilter.java:107)
	at org.apache.catalina.core.ApplicationFilterChain.internalDoFilter(ApplicationFilterChain.java:240)
	at org.apache.catalina.core.ApplicationFilterChain.doFilter(ApplicationFilterChain.java:207)
	at org.springframework.web.filter.CharacterEncodingFilter.doFilterInternal(CharacterEncodingFilter.java:121)
	at org.springframework.web.filter.OncePerRequestFilter.doFilter(OncePerRequestFilter.java:107)
	at org.apache.catalina.core.ApplicationFilterChain.internalDoFilter(ApplicationFilterChain.java:240)
	at org.apache.catalina.core.ApplicationFilterChain.doFilter(ApplicationFilterChain.java:207)
	at org.springframework.boot.actuate.autoconfigure.MetricsFilter.doFilterInternal(MetricsFilter.java:103)
	at org.springframework.web.filter.OncePerRequestFilter.doFilter(OncePerRequestFilter.java:107)
	at org.apache.catalina.core.ApplicationFilterChain.internalDoFilter(ApplicationFilterChain.java:240)
	at org.apache.catalina.core.ApplicationFilterChain.doFilter(ApplicationFilterChain.java:207)
	at org.apache.catalina.core.StandardWrapperValve.invoke(StandardWrapperValve.java:212)
	at org.apache.catalina.core.StandardContextValve.invoke(StandardContextValve.java:106)
	at org.apache.catalina.authenticator.AuthenticatorBase.invoke(AuthenticatorBase.java:502)
	at org.apache.catalina.core.StandardHostValve.invoke(StandardHostValve.java:141)
	at org.apache.catalina.valves.ErrorReportValve.invoke(ErrorReportValve.java:79)
	at org.apache.catalina.core.StandardEngineValve.invoke(StandardEngineValve.java:88)
	at org.apache.catalina.connector.CoyoteAdapter.service(CoyoteAdapter.java:522)
	at org.apache.coyote.http11.AbstractHttp11Processor.process(AbstractHttp11Processor.java:1095)
	at org.apache.coyote.AbstractProtocol$AbstractConnectionHandler.process(AbstractProtocol.java:672)
	at org.apache.tomcat.util.net.NioEndpoint$SocketProcessor.doRun(NioEndpoint.java:1500)
	at org.apache.tomcat.util.net.NioEndpoint$SocketProcessor.run(NioEndpoint.java:1456)
	at java.util.concurrent.ThreadPoolExecutor.runWorker(ThreadPoolExecutor.java:1142)
	at java.util.concurrent.ThreadPoolExecutor$Worker.run(ThreadPoolExecutor.java:617)
	at org.apache.tomcat.util.threads.TaskThread$WrappingRunnable.run(TaskThread.java:61)
	at java.lang.Thread.run(Thread.java:745)
[ INFO ] [2016-07-27 18:50:33] com.alibaba.druid.pool.DruidDataSource [638] - {dataSource-1} inited
[ INFO ] [2016-07-27 18:50:37] demo.controller.UserController [39] - {id:1,username:admin,password:123}
[ INFO ] [2016-07-27 18:50:37] demo.controller.UserController [39] - {id:25,username:yeshufeng,password:123}
[ INFO ] [2016-07-27 18:50:37] demo.controller.UserController [39] - {id:26,username:asdas,password:2131}
[ INFO ] [2016-07-27 18:50:37] demo.controller.UserController [39] - {id:27,username:sadf,password:123}
[ INFO ] [2016-07-27 18:50:37] demo.controller.UserController [39] - {id:28,username:nagrand,password:1234}
[ INFO ] [2016-07-27 18:50:37] demo.controller.UserController [39] - {id:29,username:12312,password:asdsd}
[ INFO ] [2016-07-27 18:50:37] demo.controller.UserController [39] - {id:30,username:"dfsdaf",password:"qqwesf"}
[ INFO ] [2016-07-27 18:50:37] demo.controller.UserController [39] - {id:31,username:dfsdaf,password:qqw123}
[ INFO ] [2016-07-27 18:50:37] demo.controller.UserController [39] - {id:32,username:ynsdas,password:w1EW32wd_123}
[ ERROR] [2016-07-27 18:50:57] org.thymeleaf.TemplateEngine [1085] - [THYMELEAF][http-nio-8080-exec-3] Exception processing template "Wed Jul 27 18:50:57 CST 2016  ---- hello": Error resolving template "Wed Jul 27 18:50:57 CST 2016  ---- hello", template might not exist or might not be accessible by any of the configured Template Resolvers
[ ERROR] [2016-07-27 18:50:57] org.apache.catalina.core.ContainerBase.[Tomcat].[localhost].[/].[dispatcherServlet] [182] - Servlet.service() for servlet [dispatcherServlet] in context with path [] threw exception [Request processing failed; nested exception is org.thymeleaf.exceptions.TemplateInputException: Error resolving template "Wed Jul 27 18:50:57 CST 2016  ---- hello", template might not exist or might not be accessible by any of the configured Template Resolvers] with root cause
org.thymeleaf.exceptions.TemplateInputException: Error resolving template "Wed Jul 27 18:50:57 CST 2016  ---- hello", template might not exist or might not be accessible by any of the configured Template Resolvers
	at org.thymeleaf.TemplateRepository.getTemplate(TemplateRepository.java:246)
	at org.thymeleaf.TemplateEngine.process(TemplateEngine.java:1104)
	at org.thymeleaf.TemplateEngine.process(TemplateEngine.java:1060)
	at org.thymeleaf.TemplateEngine.process(TemplateEngine.java:1011)
	at org.thymeleaf.spring4.view.ThymeleafView.renderFragment(ThymeleafView.java:335)
	at org.thymeleaf.spring4.view.ThymeleafView.render(ThymeleafView.java:190)
	at org.springframework.web.servlet.DispatcherServlet.render(DispatcherServlet.java:1243)
	at org.springframework.web.servlet.DispatcherServlet.processDispatchResult(DispatcherServlet.java:1027)
	at org.springframework.web.servlet.DispatcherServlet.doDispatch(DispatcherServlet.java:971)
	at org.springframework.web.servlet.DispatcherServlet.doService(DispatcherServlet.java:893)
	at org.springframework.web.servlet.FrameworkServlet.processRequest(FrameworkServlet.java:968)
	at org.springframework.web.servlet.FrameworkServlet.doGet(FrameworkServlet.java:859)
	at javax.servlet.http.HttpServlet.service(HttpServlet.java:622)
	at org.springframework.web.servlet.FrameworkServlet.service(FrameworkServlet.java:844)
	at javax.servlet.http.HttpServlet.service(HttpServlet.java:729)
	at org.apache.catalina.core.ApplicationFilterChain.internalDoFilter(ApplicationFilterChain.java:292)
	at org.apache.catalina.core.ApplicationFilterChain.doFilter(ApplicationFilterChain.java:207)
	at org.apache.tomcat.websocket.server.WsFilter.doFilter(WsFilter.java:52)
	at org.apache.catalina.core.ApplicationFilterChain.internalDoFilter(ApplicationFilterChain.java:240)
	at org.apache.catalina.core.ApplicationFilterChain.doFilter(ApplicationFilterChain.java:207)
	at org.springframework.boot.actuate.autoconfigure.EndpointWebMvcAutoConfiguration$ApplicationContextHeaderFilter.doFilterInternal(EndpointWebMvcAutoConfiguration.java:237)
	at org.springframework.web.filter.OncePerRequestFilter.doFilter(OncePerRequestFilter.java:107)
	at org.apache.catalina.core.ApplicationFilterChain.internalDoFilter(ApplicationFilterChain.java:240)
	at org.apache.catalina.core.ApplicationFilterChain.doFilter(ApplicationFilterChain.java:207)
	at org.springframework.boot.actuate.trace.WebRequestTraceFilter.doFilterInternal(WebRequestTraceFilter.java:112)
	at org.springframework.web.filter.OncePerRequestFilter.doFilter(OncePerRequestFilter.java:107)
	at org.apache.catalina.core.ApplicationFilterChain.internalDoFilter(ApplicationFilterChain.java:240)
	at org.apache.catalina.core.ApplicationFilterChain.doFilter(ApplicationFilterChain.java:207)
	at org.springframework.web.filter.RequestContextFilter.doFilterInternal(RequestContextFilter.java:99)
	at org.springframework.web.filter.OncePerRequestFilter.doFilter(OncePerRequestFilter.java:107)
	at org.apache.catalina.core.ApplicationFilterChain.internalDoFilter(ApplicationFilterChain.java:240)
	at org.apache.catalina.core.ApplicationFilterChain.doFilter(ApplicationFilterChain.java:207)
	at org.springframework.web.filter.HttpPutFormContentFilter.doFilterInternal(HttpPutFormContentFilter.java:87)
	at org.springframework.web.filter.OncePerRequestFilter.doFilter(OncePerRequestFilter.java:107)
	at org.apache.catalina.core.ApplicationFilterChain.internalDoFilter(ApplicationFilterChain.java:240)
	at org.apache.catalina.core.ApplicationFilterChain.doFilter(ApplicationFilterChain.java:207)
	at org.springframework.web.filter.HiddenHttpMethodFilter.doFilterInternal(HiddenHttpMethodFilter.java:77)
	at org.springframework.web.filter.OncePerRequestFilter.doFilter(OncePerRequestFilter.java:107)
	at org.apache.catalina.core.ApplicationFilterChain.internalDoFilter(ApplicationFilterChain.java:240)
	at org.apache.catalina.core.ApplicationFilterChain.doFilter(ApplicationFilterChain.java:207)
	at org.springframework.web.filter.CharacterEncodingFilter.doFilterInternal(CharacterEncodingFilter.java:121)
	at org.springframework.web.filter.OncePerRequestFilter.doFilter(OncePerRequestFilter.java:107)
	at org.apache.catalina.core.ApplicationFilterChain.internalDoFilter(ApplicationFilterChain.java:240)
	at org.apache.catalina.core.ApplicationFilterChain.doFilter(ApplicationFilterChain.java:207)
	at org.springframework.boot.actuate.autoconfigure.MetricsFilter.doFilterInternal(MetricsFilter.java:103)
	at org.springframework.web.filter.OncePerRequestFilter.doFilter(OncePerRequestFilter.java:107)
	at org.apache.catalina.core.ApplicationFilterChain.internalDoFilter(ApplicationFilterChain.java:240)
	at org.apache.catalina.core.ApplicationFilterChain.doFilter(ApplicationFilterChain.java:207)
	at org.apache.catalina.core.StandardWrapperValve.invoke(StandardWrapperValve.java:212)
	at org.apache.catalina.core.StandardContextValve.invoke(StandardContextValve.java:106)
	at org.apache.catalina.authenticator.AuthenticatorBase.invoke(AuthenticatorBase.java:502)
	at org.apache.catalina.core.StandardHostValve.invoke(StandardHostValve.java:141)
	at org.apache.catalina.valves.ErrorReportValve.invoke(ErrorReportValve.java:79)
	at org.apache.catalina.core.StandardEngineValve.invoke(StandardEngineValve.java:88)
	at org.apache.catalina.connector.CoyoteAdapter.service(CoyoteAdapter.java:522)
	at org.apache.coyote.http11.AbstractHttp11Processor.process(AbstractHttp11Processor.java:1095)
	at org.apache.coyote.AbstractProtocol$AbstractConnectionHandler.process(AbstractProtocol.java:672)
	at org.apache.tomcat.util.net.NioEndpoint$SocketProcessor.doRun(NioEndpoint.java:1500)
	at org.apache.tomcat.util.net.NioEndpoint$SocketProcessor.run(NioEndpoint.java:1456)
	at java.util.concurrent.ThreadPoolExecutor.runWorker(ThreadPoolExecutor.java:1142)
	at java.util.concurrent.ThreadPoolExecutor$Worker.run(ThreadPoolExecutor.java:617)
	at org.apache.tomcat.util.threads.TaskThread$WrappingRunnable.run(TaskThread.java:61)
	at java.lang.Thread.run(Thread.java:745)
