[ INFO ] [2016-07-29 11:10:27] demo.Appboot [48] - Starting Appboot on 20160628-160009 with PID 3644 (E:\ideaworkspace\springboot-mybatis\target\classes started by Administrator in E:\ideaworkspace\springboot-mybatis)
[ INFO ] [2016-07-29 11:10:27] demo.Appboot [666] - No active profile set, falling back to default profiles: default
[ INFO ] [2016-07-29 11:10:27] org.hibernate.validator.internal.util.Version [30] - HV000001: Hibernate Validator 5.2.4.Final
[ INFO ] [2016-07-29 11:10:28] org.springframework.boot.context.embedded.AnnotationConfigEmbeddedWebApplicationContext [578] - Refreshing org.springframework.boot.context.embedded.AnnotationConfigEmbeddedWebApplicationContext@184cf7cf: startup date [Fri Jul 29 11:10:28 CST 2016]; root of context hierarchy
[ INFO ] [2016-07-29 11:10:29] org.springframework.beans.factory.support.DefaultListableBeanFactory [839] - Overriding bean definition for bean 'beanNameViewResolver' with a different definition: replacing [Root bean: class [null]; scope=; abstract=false; lazyInit=false; autowireMode=3; dependencyCheck=0; autowireCandidate=true; primary=false; factoryBeanName=org.springframework.boot.autoconfigure.web.ErrorMvcAutoConfiguration$WhitelabelErrorViewConfiguration; factoryMethodName=beanNameViewResolver; initMethodName=null; destroyMethodName=(inferred); defined in class path resource [org/springframework/boot/autoconfigure/web/ErrorMvcAutoConfiguration$WhitelabelErrorViewConfiguration.class]] with [Root bean: class [null]; scope=; abstract=false; lazyInit=false; autowireMode=3; dependencyCheck=0; autowireCandidate=true; primary=false; factoryBeanName=org.springframework.boot.autoconfigure.web.WebMvcAutoConfiguration$WebMvcAutoConfigurationAdapter; factoryMethodName=beanNameViewResolver; initMethodName=null; destroyMethodName=(inferred); defined in class path resource [org/springframework/boot/autoconfigure/web/WebMvcAutoConfiguration$WebMvcAutoConfigurationAdapter.class]]
[ INFO ] [2016-07-29 11:10:29] org.springframework.context.support.PostProcessorRegistrationDelegate$BeanPostProcessorChecker [328] - Bean 'myBatisConfig' of type [class demo.config.MyBatisConfig$$EnhancerBySpringCGLIB$$e1914eed] is not eligible for getting processed by all BeanPostProcessors (for example: not eligible for auto-proxying)
[ INFO ] [2016-07-29 11:10:30] org.springframework.context.support.PostProcessorRegistrationDelegate$BeanPostProcessorChecker [328] - Bean 'druidDataSource' of type [class com.alibaba.druid.pool.DruidDataSource] is not eligible for getting processed by all BeanPostProcessors (for example: not eligible for auto-proxying)
[ INFO ] [2016-07-29 11:10:30] org.springframework.context.support.PostProcessorRegistrationDelegate$BeanPostProcessorChecker [328] - Bean 'sqlSessionFactory' of type [class org.apache.ibatis.session.defaults.DefaultSqlSessionFactory] is not eligible for getting processed by all BeanPostProcessors (for example: not eligible for auto-proxying)
[ INFO ] [2016-07-29 11:10:30] org.springframework.context.support.PostProcessorRegistrationDelegate$BeanPostProcessorChecker [328] - Bean 'userMapper' of type [class org.mybatis.spring.mapper.MapperFactoryBean] is not eligible for getting processed by all BeanPostProcessors (for example: not eligible for auto-proxying)
[ INFO ] [2016-07-29 11:10:30] org.springframework.context.support.PostProcessorRegistrationDelegate$BeanPostProcessorChecker [328] - Bean 'cacheConfig' of type [class demo.config.CacheConfig$$EnhancerBySpringCGLIB$$36a48a3c] is not eligible for getting processed by all BeanPostProcessors (for example: not eligible for auto-proxying)
[ INFO ] [2016-07-29 11:10:30] org.springframework.context.support.PostProcessorRegistrationDelegate$BeanPostProcessorChecker [328] - Bean 'org.springframework.transaction.annotation.ProxyTransactionManagementConfiguration' of type [class org.springframework.transaction.annotation.ProxyTransactionManagementConfiguration$$EnhancerBySpringCGLIB$$9d45fbf4] is not eligible for getting processed by all BeanPostProcessors (for example: not eligible for auto-proxying)
[ INFO ] [2016-07-29 11:10:31] org.springframework.context.support.PostProcessorRegistrationDelegate$BeanPostProcessorChecker [328] - Bean 'org.springframework.cache.annotation.ProxyCachingConfiguration' of type [class org.springframework.cache.annotation.ProxyCachingConfiguration$$EnhancerBySpringCGLIB$$4a3c652] is not eligible for getting processed by all BeanPostProcessors (for example: not eligible for auto-proxying)
[ INFO ] [2016-07-29 11:10:32] org.springframework.boot.context.embedded.tomcat.TomcatEmbeddedServletContainer [81] - Tomcat initialized with port(s): 8080 (http)
[ INFO ] [2016-07-29 11:10:32] org.apache.catalina.core.StandardService [180] - Starting service Tomcat
[ INFO ] [2016-07-29 11:10:32] org.apache.catalina.core.StandardEngine [180] - Starting Servlet Engine: Apache Tomcat/8.0.32
[ INFO ] [2016-07-29 11:10:32] org.apache.catalina.core.ContainerBase.[Tomcat].[localhost].[/] [180] - Initializing Spring embedded WebApplicationContext
[ INFO ] [2016-07-29 11:10:32] org.springframework.web.context.ContextLoader [272] - Root WebApplicationContext: initialization completed in 4425 ms
[ INFO ] [2016-07-29 11:10:32] org.springframework.boot.context.embedded.ServletRegistrationBean [189] - Mapping servlet: 'dispatcherServlet' to [/]
[ INFO ] [2016-07-29 11:10:32] org.springframework.boot.context.embedded.FilterRegistrationBean [258] - Mapping filter: 'metricFilter' to: [/*]
[ INFO ] [2016-07-29 11:10:32] org.springframework.boot.context.embedded.FilterRegistrationBean [258] - Mapping filter: 'characterEncodingFilter' to: [/*]
[ INFO ] [2016-07-29 11:10:32] org.springframework.boot.context.embedded.FilterRegistrationBean [258] - Mapping filter: 'hiddenHttpMethodFilter' to: [/*]
[ INFO ] [2016-07-29 11:10:32] org.springframework.boot.context.embedded.FilterRegistrationBean [258] - Mapping filter: 'httpPutFormContentFilter' to: [/*]
[ INFO ] [2016-07-29 11:10:32] org.springframework.boot.context.embedded.FilterRegistrationBean [258] - Mapping filter: 'requestContextFilter' to: [/*]
[ INFO ] [2016-07-29 11:10:32] org.springframework.boot.context.embedded.FilterRegistrationBean [258] - Mapping filter: 'webRequestLoggingFilter' to: [/*]
[ INFO ] [2016-07-29 11:10:32] org.springframework.boot.context.embedded.FilterRegistrationBean [258] - Mapping filter: 'applicationContextIdFilter' to: [/*]
[ INFO ] [2016-07-29 11:10:34] org.springframework.web.servlet.mvc.method.annotation.RequestMappingHandlerAdapter [532] - Looking for @ControllerAdvice: org.springframework.boot.context.embedded.AnnotationConfigEmbeddedWebApplicationContext@184cf7cf: startup date [Fri Jul 29 11:10:28 CST 2016]; root of context hierarchy
[ INFO ] [2016-07-29 11:10:34] org.springframework.web.servlet.mvc.method.annotation.RequestMappingHandlerMapping [534] - Mapped "{[/]}" onto public java.lang.String demo.controller.HelloController.hello()
[ INFO ] [2016-07-29 11:10:34] org.springframework.web.servlet.mvc.method.annotation.RequestMappingHandlerMapping [534] - Mapped "{[/hello/{name}]}" onto public java.lang.String demo.controller.HelloController.hello(java.lang.String,org.springframework.ui.Model)
[ INFO ] [2016-07-29 11:10:34] org.springframework.web.servlet.mvc.method.annotation.RequestMappingHandlerMapping [534] - Mapped "{[/userinfo]}" onto public demo.entity.User demo.controller.UserController.getUserInfo(int)
[ INFO ] [2016-07-29 11:10:34] org.springframework.web.servlet.mvc.method.annotation.RequestMappingHandlerMapping [534] - Mapped "{[/alluser]}" onto public demo.entity.User[] demo.controller.UserController.getAllUser()
[ INFO ] [2016-07-29 11:10:34] org.springframework.web.servlet.mvc.method.annotation.RequestMappingHandlerMapping [534] - Mapped "{[/errorLog]}" onto public java.lang.String demo.controller.UserController.writeError()
[ INFO ] [2016-07-29 11:10:34] org.springframework.web.servlet.mvc.method.annotation.RequestMappingHandlerMapping [534] - Mapped "{[/addUser]}" onto public void demo.controller.UserController.addUser(java.lang.String,java.lang.String)
[ INFO ] [2016-07-29 11:10:34] org.springframework.web.servlet.mvc.method.annotation.RequestMappingHandlerMapping [534] - Mapped "{[/getBean/{beanName}]}" onto public java.lang.String demo.controller.UserController.getBean(java.lang.String)
[ INFO ] [2016-07-29 11:10:34] org.springframework.web.servlet.mvc.method.annotation.RequestMappingHandlerMapping [534] - Mapped "{[/cache]}" onto public java.lang.String demo.controller.UserController.getCache()
[ INFO ] [2016-07-29 11:10:34] org.springframework.web.servlet.mvc.method.annotation.RequestMappingHandlerMapping [534] - Mapped "{[/error]}" onto public org.springframework.http.ResponseEntity<java.util.Map<java.lang.String, java.lang.Object>> org.springframework.boot.autoconfigure.web.BasicErrorController.error(javax.servlet.http.HttpServletRequest)
[ INFO ] [2016-07-29 11:10:34] org.springframework.web.servlet.mvc.method.annotation.RequestMappingHandlerMapping [534] - Mapped "{[/error],produces=[text/html]}" onto public org.springframework.web.servlet.ModelAndView org.springframework.boot.autoconfigure.web.BasicErrorController.errorHtml(javax.servlet.http.HttpServletRequest,javax.servlet.http.HttpServletResponse)
[ INFO ] [2016-07-29 11:10:34] org.springframework.web.servlet.handler.SimpleUrlHandlerMapping [341] - Mapped URL path [/webjars/**] onto handler of type [class org.springframework.web.servlet.resource.ResourceHttpRequestHandler]
[ INFO ] [2016-07-29 11:10:34] org.springframework.web.servlet.handler.SimpleUrlHandlerMapping [341] - Mapped URL path [/**] onto handler of type [class org.springframework.web.servlet.resource.ResourceHttpRequestHandler]
[ INFO ] [2016-07-29 11:10:34] org.springframework.web.servlet.handler.SimpleUrlHandlerMapping [341] - Mapped URL path [/**/favicon.ico] onto handler of type [class org.springframework.web.servlet.resource.ResourceHttpRequestHandler]
[ INFO ] [2016-07-29 11:10:35] org.springframework.boot.actuate.endpoint.mvc.EndpointHandlerMapping [534] - Mapped "{[/trace || /trace.json],methods=[GET],produces=[application/json]}" onto public java.lang.Object org.springframework.boot.actuate.endpoint.mvc.EndpointMvcAdapter.invoke()
[ INFO ] [2016-07-29 11:10:35] org.springframework.boot.actuate.endpoint.mvc.EndpointHandlerMapping [534] - Mapped "{[/autoconfig || /autoconfig.json],methods=[GET],produces=[application/json]}" onto public java.lang.Object org.springframework.boot.actuate.endpoint.mvc.EndpointMvcAdapter.invoke()
[ INFO ] [2016-07-29 11:10:35] org.springframework.boot.actuate.endpoint.mvc.EndpointHandlerMapping [534] - Mapped "{[/configprops || /configprops.json],methods=[GET],produces=[application/json]}" onto public java.lang.Object org.springframework.boot.actuate.endpoint.mvc.EndpointMvcAdapter.invoke()
[ INFO ] [2016-07-29 11:10:35] org.springframework.boot.actuate.endpoint.mvc.EndpointHandlerMapping [534] - Mapped "{[/beans || /beans.json],methods=[GET],produces=[application/json]}" onto public java.lang.Object org.springframework.boot.actuate.endpoint.mvc.EndpointMvcAdapter.invoke()
[ INFO ] [2016-07-29 11:10:35] org.springframework.boot.actuate.endpoint.mvc.EndpointHandlerMapping [534] - Mapped "{[/env/{name:.*}],methods=[GET],produces=[application/json]}" onto public java.lang.Object org.springframework.boot.actuate.endpoint.mvc.EnvironmentMvcEndpoint.value(java.lang.String)
[ INFO ] [2016-07-29 11:10:35] org.springframework.boot.actuate.endpoint.mvc.EndpointHandlerMapping [534] - Mapped "{[/env || /env.json],methods=[GET],produces=[application/json]}" onto public java.lang.Object org.springframework.boot.actuate.endpoint.mvc.EndpointMvcAdapter.invoke()
[ INFO ] [2016-07-29 11:10:35] org.springframework.boot.actuate.endpoint.mvc.EndpointHandlerMapping [534] - Mapped "{[/health || /health.json],produces=[application/json]}" onto public java.lang.Object org.springframework.boot.actuate.endpoint.mvc.HealthMvcEndpoint.invoke(java.security.Principal)
[ INFO ] [2016-07-29 11:10:35] org.springframework.boot.actuate.endpoint.mvc.EndpointHandlerMapping [534] - Mapped "{[/metrics/{name:.*}],methods=[GET],produces=[application/json]}" onto public java.lang.Object org.springframework.boot.actuate.endpoint.mvc.MetricsMvcEndpoint.value(java.lang.String)
[ INFO ] [2016-07-29 11:10:35] org.springframework.boot.actuate.endpoint.mvc.EndpointHandlerMapping [534] - Mapped "{[/metrics || /metrics.json],methods=[GET],produces=[application/json]}" onto public java.lang.Object org.springframework.boot.actuate.endpoint.mvc.EndpointMvcAdapter.invoke()
[ INFO ] [2016-07-29 11:10:35] org.springframework.boot.actuate.endpoint.mvc.EndpointHandlerMapping [534] - Mapped "{[/mappings || /mappings.json],methods=[GET],produces=[application/json]}" onto public java.lang.Object org.springframework.boot.actuate.endpoint.mvc.EndpointMvcAdapter.invoke()
[ INFO ] [2016-07-29 11:10:35] org.springframework.boot.actuate.endpoint.mvc.EndpointHandlerMapping [534] - Mapped "{[/info || /info.json],methods=[GET],produces=[application/json]}" onto public java.lang.Object org.springframework.boot.actuate.endpoint.mvc.EndpointMvcAdapter.invoke()
[ INFO ] [2016-07-29 11:10:35] org.springframework.boot.actuate.endpoint.mvc.EndpointHandlerMapping [534] - Mapped "{[/dump || /dump.json],methods=[GET],produces=[application/json]}" onto public java.lang.Object org.springframework.boot.actuate.endpoint.mvc.EndpointMvcAdapter.invoke()
[ INFO ] [2016-07-29 11:10:35] org.springframework.jmx.export.annotation.AnnotationMBeanExporter [431] - Registering beans for JMX exposure on startup
[ INFO ] [2016-07-29 11:10:35] org.springframework.jmx.export.annotation.AnnotationMBeanExporter [912] - Bean with name 'druidDataSource' has been autodetected for JMX exposure
[ INFO ] [2016-07-29 11:10:35] org.springframework.jmx.export.annotation.AnnotationMBeanExporter [667] - Located MBean 'druidDataSource': registering with JMX server as MBean [com.alibaba.druid.pool:name=druidDataSource,type=DruidDataSource]
[ INFO ] [2016-07-29 11:10:35] org.springframework.boot.actuate.endpoint.jmx.EndpointMBeanExporter [431] - Registering beans for JMX exposure on startup
[ INFO ] [2016-07-29 11:10:35] org.springframework.context.support.DefaultLifecycleProcessor [341] - Starting beans in phase 0
[ INFO ] [2016-07-29 11:10:35] org.springframework.boot.actuate.endpoint.jmx.EndpointMBeanExporter [674] - Located managed bean 'requestMappingEndpoint': registering with JMX server as MBean [org.springframework.boot:type=Endpoint,name=requestMappingEndpoint]
[ INFO ] [2016-07-29 11:10:35] org.springframework.boot.actuate.endpoint.jmx.EndpointMBeanExporter [674] - Located managed bean 'environmentEndpoint': registering with JMX server as MBean [org.springframework.boot:type=Endpoint,name=environmentEndpoint]
[ INFO ] [2016-07-29 11:10:35] org.springframework.boot.actuate.endpoint.jmx.EndpointMBeanExporter [674] - Located managed bean 'healthEndpoint': registering with JMX server as MBean [org.springframework.boot:type=Endpoint,name=healthEndpoint]
[ INFO ] [2016-07-29 11:10:35] org.springframework.boot.actuate.endpoint.jmx.EndpointMBeanExporter [674] - Located managed bean 'beansEndpoint': registering with JMX server as MBean [org.springframework.boot:type=Endpoint,name=beansEndpoint]
[ INFO ] [2016-07-29 11:10:35] org.springframework.boot.actuate.endpoint.jmx.EndpointMBeanExporter [674] - Located managed bean 'infoEndpoint': registering with JMX server as MBean [org.springframework.boot:type=Endpoint,name=infoEndpoint]
[ INFO ] [2016-07-29 11:10:35] org.springframework.boot.actuate.endpoint.jmx.EndpointMBeanExporter [674] - Located managed bean 'metricsEndpoint': registering with JMX server as MBean [org.springframework.boot:type=Endpoint,name=metricsEndpoint]
[ INFO ] [2016-07-29 11:10:35] org.springframework.boot.actuate.endpoint.jmx.EndpointMBeanExporter [674] - Located managed bean 'traceEndpoint': registering with JMX server as MBean [org.springframework.boot:type=Endpoint,name=traceEndpoint]
[ INFO ] [2016-07-29 11:10:35] org.springframework.boot.actuate.endpoint.jmx.EndpointMBeanExporter [674] - Located managed bean 'dumpEndpoint': registering with JMX server as MBean [org.springframework.boot:type=Endpoint,name=dumpEndpoint]
[ INFO ] [2016-07-29 11:10:35] org.springframework.boot.actuate.endpoint.jmx.EndpointMBeanExporter [674] - Located managed bean 'autoConfigurationReportEndpoint': registering with JMX server as MBean [org.springframework.boot:type=Endpoint,name=autoConfigurationReportEndpoint]
[ INFO ] [2016-07-29 11:10:35] org.springframework.boot.actuate.endpoint.jmx.EndpointMBeanExporter [674] - Located managed bean 'configurationPropertiesReportEndpoint': registering with JMX server as MBean [org.springframework.boot:type=Endpoint,name=configurationPropertiesReportEndpoint]
[ INFO ] [2016-07-29 11:10:35] org.apache.coyote.http11.Http11NioProtocol [180] - Initializing ProtocolHandler ["http-nio-8080"]
[ INFO ] [2016-07-29 11:10:35] org.apache.coyote.http11.Http11NioProtocol [180] - Starting ProtocolHandler ["http-nio-8080"]
[ INFO ] [2016-07-29 11:10:35] org.apache.tomcat.util.net.NioSelectorPool [180] - Using a shared selector for servlet write/read
[ INFO ] [2016-07-29 11:10:35] org.springframework.boot.context.embedded.tomcat.TomcatEmbeddedServletContainer [162] - Tomcat started on port(s): 8080 (http)
[ INFO ] [2016-07-29 11:10:35] demo.Appboot [57] - Started Appboot in 9.325 seconds (JVM running for 11.111)
[ INFO ] [2016-07-29 11:10:35] demo.Appboot [15] - ============= SpringBoot Start Success =============
[ INFO ] [2016-07-29 11:11:34] org.apache.catalina.core.ContainerBase.[Tomcat].[localhost].[/] [180] - Initializing Spring FrameworkServlet 'dispatcherServlet'
[ INFO ] [2016-07-29 11:11:34] org.springframework.web.servlet.DispatcherServlet [488] - FrameworkServlet 'dispatcherServlet': initialization started
[ INFO ] [2016-07-29 11:11:34] org.springframework.web.servlet.DispatcherServlet [507] - FrameworkServlet 'dispatcherServlet': initialization completed in 25 ms
[ INFO ] [2016-07-29 11:11:35] com.alibaba.druid.pool.DruidDataSource [638] - {dataSource-1} inited
